2018-05-13 00:06:19 [127.0.0.1][-][geangbrlkce6lcgd4hb9pe1uj5][error][yii\web\HttpException:404] yii\base\InvalidRouteException: Unable to resolve the request "auth/index". in D:\phpStudy\PHPTutorial\WWW\yii\basic\vendor\yiisoft\yii2\base\Module.php:537
Stack trace:
#0 D:\phpStudy\PHPTutorial\WWW\yii\basic\vendor\yiisoft\yii2\web\Application.php(103): yii\base\Module->runAction('auth/index', Array)
#1 D:\phpStudy\PHPTutorial\WWW\yii\basic\vendor\yiisoft\yii2\base\Application.php(386): yii\web\Application->handleRequest(Object(yii\web\Request))
#2 D:\phpStudy\PHPTutorial\WWW\yii\basic\web\index.php(12): yii\base\Application->run()
#3 {main}

Next yii\web\NotFoundHttpException: Page not found. in D:\phpStudy\PHPTutorial\WWW\yii\basic\vendor\yiisoft\yii2\web\Application.php:115
Stack trace:
#0 D:\phpStudy\PHPTutorial\WWW\yii\basic\vendor\yiisoft\yii2\base\Application.php(386): yii\web\Application->handleRequest(Object(yii\web\Request))
#1 D:\phpStudy\PHPTutorial\WWW\yii\basic\web\index.php(12): yii\base\Application->run()
#2 {main}
2018-05-13 00:06:19 [127.0.0.1][-][geangbrlkce6lcgd4hb9pe1uj5][info][application] $_GET = [
    'r' => 'auth/index'
]

$_POST = []

$_FILES = []

$_COOKIE = [
    'UM_distinctid' => '16352fcdde5297-089c2ba0041fa1-b34356b-13c680-16352fcdde66dc'
    'PHPSESSID' => 'geangbrlkce6lcgd4hb9pe1uj5'
    '_csrf' => '3f348816962d3b6502fb9887860e4e47b008f24556c858e8ba81f75c39d728e6a:2:{i:0;s:5:\"_csrf\";i:1;s:32:\"zAeuYfr22tlRSgFFx9djB9WWwIgsRX5p\";}'
]

$_SESSION = [
    '__flash' => []
]

$_SERVER = [
    'PATH' => 'C:\\Program Files (x86)\\Intel\\iCLS Client\\;C:\\Program Files\\Intel\\iCLS Client\\;C:\\Windows\\system32;C:\\Windows;C:\\Windows\\System32\\Wbem;C:\\Windows\\System32\\WindowsPowerShell\\v1.0\\;C:\\Program Files (x86)\\NVIDIA Corporation\\PhysX\\Common;C:\\Program Files (x86)\\Intel\\Intel(R) Management Engine Components\\DAL;C:\\Program Files\\Intel\\Intel(R) Management Engine Components\\DAL;C:\\Program Files (x86)\\Intel\\Intel(R) Management Engine Components\\IPT;C:\\Program Files\\Intel\\Intel(R) Management Engine Components\\IPT;D:\\Software\\Cmder;C:\\Redis;D:\\phpStudy\\PHPTutorial\\php\\php-7.0.12-nts;D:\\composer;C:\\WINDOWS\\system32;C:\\WINDOWS;C:\\WINDOWS\\System32\\Wbem;C:\\WINDOWS\\System32\\WindowsPowerShell\\v1.0\\;C:\\Users\\hyc\\AppData\\Local\\Microsoft\\WindowsApps;C:\\Users\\hyc\\AppData\\Roaming\\Composer\\vendor\\bin'
    'SYSTEMROOT' => 'C:\\WINDOWS'
    'COMSPEC' => 'C:\\WINDOWS\\system32\\cmd.exe'
    'PATHEXT' => '.COM;.EXE;.BAT;.CMD;.VBS;.VBE;.JS;.JSE;.WSF;.WSH;.MSC'
    'WINDIR' => 'C:\\WINDOWS'
    'PHP_FCGI_MAX_REQUESTS' => '1000'
    'PHPRC' => 'D:/phpStudy/PHPTutorial/php/php-7.0.12-nts/'
    '_FCGI_SHUTDOWN_EVENT_' => '2204'
    'HTTP_CONNECTION' => 'close'
    'SCRIPT_NAME' => '/index.php'
    'REQUEST_URI' => '/?r=auth/index'
    'QUERY_STRING' => 'r=auth/index'
    'REQUEST_METHOD' => 'GET'
    'SERVER_PROTOCOL' => 'HTTP/1.1'
    'GATEWAY_INTERFACE' => 'CGI/1.1'
    'REMOTE_PORT' => '51153'
    'SCRIPT_FILENAME' => 'D:/phpStudy/PHPTutorial/WWW/yii/basic/web/index.php'
    'SERVER_ADMIN' => 'admin@php.cn'
    'CONTEXT_DOCUMENT_ROOT' => 'D:/phpStudy/PHPTutorial/WWW/yii/basic/web'
    'CONTEXT_PREFIX' => ''
    'REQUEST_SCHEME' => 'http'
    'DOCUMENT_ROOT' => 'D:/phpStudy/PHPTutorial/WWW/yii/basic/web'
    'REMOTE_ADDR' => '127.0.0.1'
    'SERVER_PORT' => '80'
    'SERVER_ADDR' => '127.0.0.1'
    'SERVER_NAME' => 'www.yii.com'
    'SERVER_SOFTWARE' => 'Apache/2.4.23 (Win32) OpenSSL/1.0.2j mod_fcgid/2.3.9'
    'SERVER_SIGNATURE' => ''
    'SystemRoot' => 'C:\\WINDOWS'
    'HTTP_X_LANTERN_VERSION' => '4.5.7'
    'HTTP_UPGRADE_INSECURE_REQUESTS' => '1'
    'HTTP_PROXY_CONNECTION' => 'keep-alive'
    'HTTP_COOKIE' => 'UM_distinctid=16352fcdde5297-089c2ba0041fa1-b34356b-13c680-16352fcdde66dc; PHPSESSID=geangbrlkce6lcgd4hb9pe1uj5; _csrf=3f348816962d3b6502fb9887860e4e47b008f24556c858e8ba81f75c39d728e6a%3A2%3A%7Bi%3A0%3Bs%3A5%3A%22_csrf%22%3Bi%3A1%3Bs%3A32%3A%22zAeuYfr22tlRSgFFx9djB9WWwIgsRX5p%22%3B%7D'
    'HTTP_CACHE_CONTROL' => 'max-age=0'
    'HTTP_ACCEPT_LANGUAGE' => 'zh-CN,zh;q=0.9'
    'HTTP_ACCEPT_ENCODING' => 'gzip, deflate'
    'HTTP_ACCEPT' => 'text/html,application/xhtml+xml,application/xml;q=0.9,image/webp,image/apng,*/*;q=0.8'
    'HTTP_USER_AGENT' => 'Mozilla/5.0 (Windows NT 10.0; Win64; x64) AppleWebKit/537.36 (KHTML, like Gecko) Chrome/65.0.3325.181 Safari/537.36'
    'HTTP_HOST' => 'www.yii.com'
    'FCGI_ROLE' => 'RESPONDER'
    'PHP_SELF' => '/index.php'
    'REQUEST_TIME_FLOAT' => 1526169979.868
    'REQUEST_TIME' => 1526169979
]
2018-05-13 00:06:20 [127.0.0.1][-][geangbrlkce6lcgd4hb9pe1uj5][error][yii\web\HttpException:404] yii\base\InvalidRouteException: Unable to resolve the request "auth/index". in D:\phpStudy\PHPTutorial\WWW\yii\basic\vendor\yiisoft\yii2\base\Module.php:537
Stack trace:
#0 D:\phpStudy\PHPTutorial\WWW\yii\basic\vendor\yiisoft\yii2\web\Application.php(103): yii\base\Module->runAction('auth/index', Array)
#1 D:\phpStudy\PHPTutorial\WWW\yii\basic\vendor\yiisoft\yii2\base\Application.php(386): yii\web\Application->handleRequest(Object(yii\web\Request))
#2 D:\phpStudy\PHPTutorial\WWW\yii\basic\web\index.php(12): yii\base\Application->run()
#3 {main}

Next yii\web\NotFoundHttpException: Page not found. in D:\phpStudy\PHPTutorial\WWW\yii\basic\vendor\yiisoft\yii2\web\Application.php:115
Stack trace:
#0 D:\phpStudy\PHPTutorial\WWW\yii\basic\vendor\yiisoft\yii2\base\Application.php(386): yii\web\Application->handleRequest(Object(yii\web\Request))
#1 D:\phpStudy\PHPTutorial\WWW\yii\basic\web\index.php(12): yii\base\Application->run()
#2 {main}
2018-05-13 00:06:20 [127.0.0.1][-][geangbrlkce6lcgd4hb9pe1uj5][info][application] $_GET = [
    'r' => 'auth/index'
]

$_POST = []

$_FILES = []

$_COOKIE = [
    'UM_distinctid' => '16352fcdde5297-089c2ba0041fa1-b34356b-13c680-16352fcdde66dc'
    'PHPSESSID' => 'geangbrlkce6lcgd4hb9pe1uj5'
    '_csrf' => '3f348816962d3b6502fb9887860e4e47b008f24556c858e8ba81f75c39d728e6a:2:{i:0;s:5:\"_csrf\";i:1;s:32:\"zAeuYfr22tlRSgFFx9djB9WWwIgsRX5p\";}'
]

$_SESSION = [
    '__flash' => []
]

$_SERVER = [
    'PATH' => 'C:\\Program Files (x86)\\Intel\\iCLS Client\\;C:\\Program Files\\Intel\\iCLS Client\\;C:\\Windows\\system32;C:\\Windows;C:\\Windows\\System32\\Wbem;C:\\Windows\\System32\\WindowsPowerShell\\v1.0\\;C:\\Program Files (x86)\\NVIDIA Corporation\\PhysX\\Common;C:\\Program Files (x86)\\Intel\\Intel(R) Management Engine Components\\DAL;C:\\Program Files\\Intel\\Intel(R) Management Engine Components\\DAL;C:\\Program Files (x86)\\Intel\\Intel(R) Management Engine Components\\IPT;C:\\Program Files\\Intel\\Intel(R) Management Engine Components\\IPT;D:\\Software\\Cmder;C:\\Redis;D:\\phpStudy\\PHPTutorial\\php\\php-7.0.12-nts;D:\\composer;C:\\WINDOWS\\system32;C:\\WINDOWS;C:\\WINDOWS\\System32\\Wbem;C:\\WINDOWS\\System32\\WindowsPowerShell\\v1.0\\;C:\\Users\\hyc\\AppData\\Local\\Microsoft\\WindowsApps;C:\\Users\\hyc\\AppData\\Roaming\\Composer\\vendor\\bin'
    'SYSTEMROOT' => 'C:\\WINDOWS'
    'COMSPEC' => 'C:\\WINDOWS\\system32\\cmd.exe'
    'PATHEXT' => '.COM;.EXE;.BAT;.CMD;.VBS;.VBE;.JS;.JSE;.WSF;.WSH;.MSC'
    'WINDIR' => 'C:\\WINDOWS'
    'PHP_FCGI_MAX_REQUESTS' => '1000'
    'PHPRC' => 'D:/phpStudy/PHPTutorial/php/php-7.0.12-nts/'
    '_FCGI_SHUTDOWN_EVENT_' => '2204'
    'HTTP_CONNECTION' => 'close'
    'SCRIPT_NAME' => '/index.php'
    'REQUEST_URI' => '/?r=auth/index'
    'QUERY_STRING' => 'r=auth/index'
    'REQUEST_METHOD' => 'GET'
    'SERVER_PROTOCOL' => 'HTTP/1.1'
    'GATEWAY_INTERFACE' => 'CGI/1.1'
    'REMOTE_PORT' => '51154'
    'SCRIPT_FILENAME' => 'D:/phpStudy/PHPTutorial/WWW/yii/basic/web/index.php'
    'SERVER_ADMIN' => 'admin@php.cn'
    'CONTEXT_DOCUMENT_ROOT' => 'D:/phpStudy/PHPTutorial/WWW/yii/basic/web'
    'CONTEXT_PREFIX' => ''
    'REQUEST_SCHEME' => 'http'
    'DOCUMENT_ROOT' => 'D:/phpStudy/PHPTutorial/WWW/yii/basic/web'
    'REMOTE_ADDR' => '127.0.0.1'
    'SERVER_PORT' => '80'
    'SERVER_ADDR' => '127.0.0.1'
    'SERVER_NAME' => 'www.yii.com'
    'SERVER_SOFTWARE' => 'Apache/2.4.23 (Win32) OpenSSL/1.0.2j mod_fcgid/2.3.9'
    'SERVER_SIGNATURE' => ''
    'SystemRoot' => 'C:\\WINDOWS'
    'HTTP_X_LANTERN_VERSION' => '4.5.7'
    'HTTP_UPGRADE_INSECURE_REQUESTS' => '1'
    'HTTP_PROXY_CONNECTION' => 'keep-alive'
    'HTTP_COOKIE' => 'UM_distinctid=16352fcdde5297-089c2ba0041fa1-b34356b-13c680-16352fcdde66dc; PHPSESSID=geangbrlkce6lcgd4hb9pe1uj5; _csrf=3f348816962d3b6502fb9887860e4e47b008f24556c858e8ba81f75c39d728e6a%3A2%3A%7Bi%3A0%3Bs%3A5%3A%22_csrf%22%3Bi%3A1%3Bs%3A32%3A%22zAeuYfr22tlRSgFFx9djB9WWwIgsRX5p%22%3B%7D'
    'HTTP_CACHE_CONTROL' => 'max-age=0'
    'HTTP_ACCEPT_LANGUAGE' => 'zh-CN,zh;q=0.9'
    'HTTP_ACCEPT_ENCODING' => 'gzip, deflate'
    'HTTP_ACCEPT' => 'text/html,application/xhtml+xml,application/xml;q=0.9,image/webp,image/apng,*/*;q=0.8'
    'HTTP_USER_AGENT' => 'Mozilla/5.0 (Windows NT 10.0; Win64; x64) AppleWebKit/537.36 (KHTML, like Gecko) Chrome/65.0.3325.181 Safari/537.36'
    'HTTP_HOST' => 'www.yii.com'
    'FCGI_ROLE' => 'RESPONDER'
    'PHP_SELF' => '/index.php'
    'REQUEST_TIME_FLOAT' => 1526169980.5472
    'REQUEST_TIME' => 1526169980
]
2018-05-13 00:06:20 [127.0.0.1][-][geangbrlkce6lcgd4hb9pe1uj5][error][yii\web\HttpException:404] yii\base\InvalidRouteException: Unable to resolve the request "auth/index". in D:\phpStudy\PHPTutorial\WWW\yii\basic\vendor\yiisoft\yii2\base\Module.php:537
Stack trace:
#0 D:\phpStudy\PHPTutorial\WWW\yii\basic\vendor\yiisoft\yii2\web\Application.php(103): yii\base\Module->runAction('auth/index', Array)
#1 D:\phpStudy\PHPTutorial\WWW\yii\basic\vendor\yiisoft\yii2\base\Application.php(386): yii\web\Application->handleRequest(Object(yii\web\Request))
#2 D:\phpStudy\PHPTutorial\WWW\yii\basic\web\index.php(12): yii\base\Application->run()
#3 {main}

Next yii\web\NotFoundHttpException: Page not found. in D:\phpStudy\PHPTutorial\WWW\yii\basic\vendor\yiisoft\yii2\web\Application.php:115
Stack trace:
#0 D:\phpStudy\PHPTutorial\WWW\yii\basic\vendor\yiisoft\yii2\base\Application.php(386): yii\web\Application->handleRequest(Object(yii\web\Request))
#1 D:\phpStudy\PHPTutorial\WWW\yii\basic\web\index.php(12): yii\base\Application->run()
#2 {main}
2018-05-13 00:06:20 [127.0.0.1][-][geangbrlkce6lcgd4hb9pe1uj5][info][application] $_GET = [
    'r' => 'auth/index'
]

$_POST = []

$_FILES = []

$_COOKIE = [
    'UM_distinctid' => '16352fcdde5297-089c2ba0041fa1-b34356b-13c680-16352fcdde66dc'
    'PHPSESSID' => 'geangbrlkce6lcgd4hb9pe1uj5'
    '_csrf' => '3f348816962d3b6502fb9887860e4e47b008f24556c858e8ba81f75c39d728e6a:2:{i:0;s:5:\"_csrf\";i:1;s:32:\"zAeuYfr22tlRSgFFx9djB9WWwIgsRX5p\";}'
]

$_SESSION = [
    '__flash' => []
]

$_SERVER = [
    'PATH' => 'C:\\Program Files (x86)\\Intel\\iCLS Client\\;C:\\Program Files\\Intel\\iCLS Client\\;C:\\Windows\\system32;C:\\Windows;C:\\Windows\\System32\\Wbem;C:\\Windows\\System32\\WindowsPowerShell\\v1.0\\;C:\\Program Files (x86)\\NVIDIA Corporation\\PhysX\\Common;C:\\Program Files (x86)\\Intel\\Intel(R) Management Engine Components\\DAL;C:\\Program Files\\Intel\\Intel(R) Management Engine Components\\DAL;C:\\Program Files (x86)\\Intel\\Intel(R) Management Engine Components\\IPT;C:\\Program Files\\Intel\\Intel(R) Management Engine Components\\IPT;D:\\Software\\Cmder;C:\\Redis;D:\\phpStudy\\PHPTutorial\\php\\php-7.0.12-nts;D:\\composer;C:\\WINDOWS\\system32;C:\\WINDOWS;C:\\WINDOWS\\System32\\Wbem;C:\\WINDOWS\\System32\\WindowsPowerShell\\v1.0\\;C:\\Users\\hyc\\AppData\\Local\\Microsoft\\WindowsApps;C:\\Users\\hyc\\AppData\\Roaming\\Composer\\vendor\\bin'
    'SYSTEMROOT' => 'C:\\WINDOWS'
    'COMSPEC' => 'C:\\WINDOWS\\system32\\cmd.exe'
    'PATHEXT' => '.COM;.EXE;.BAT;.CMD;.VBS;.VBE;.JS;.JSE;.WSF;.WSH;.MSC'
    'WINDIR' => 'C:\\WINDOWS'
    'PHP_FCGI_MAX_REQUESTS' => '1000'
    'PHPRC' => 'D:/phpStudy/PHPTutorial/php/php-7.0.12-nts/'
    '_FCGI_SHUTDOWN_EVENT_' => '2204'
    'HTTP_CONNECTION' => 'close'
    'SCRIPT_NAME' => '/index.php'
    'REQUEST_URI' => '/?r=auth/index'
    'QUERY_STRING' => 'r=auth/index'
    'REQUEST_METHOD' => 'GET'
    'SERVER_PROTOCOL' => 'HTTP/1.1'
    'GATEWAY_INTERFACE' => 'CGI/1.1'
    'REMOTE_PORT' => '51154'
    'SCRIPT_FILENAME' => 'D:/phpStudy/PHPTutorial/WWW/yii/basic/web/index.php'
    'SERVER_ADMIN' => 'admin@php.cn'
    'CONTEXT_DOCUMENT_ROOT' => 'D:/phpStudy/PHPTutorial/WWW/yii/basic/web'
    'CONTEXT_PREFIX' => ''
    'REQUEST_SCHEME' => 'http'
    'DOCUMENT_ROOT' => 'D:/phpStudy/PHPTutorial/WWW/yii/basic/web'
    'REMOTE_ADDR' => '127.0.0.1'
    'SERVER_PORT' => '80'
    'SERVER_ADDR' => '127.0.0.1'
    'SERVER_NAME' => 'www.yii.com'
    'SERVER_SOFTWARE' => 'Apache/2.4.23 (Win32) OpenSSL/1.0.2j mod_fcgid/2.3.9'
    'SERVER_SIGNATURE' => ''
    'SystemRoot' => 'C:\\WINDOWS'
    'HTTP_X_LANTERN_VERSION' => '4.5.7'
    'HTTP_UPGRADE_INSECURE_REQUESTS' => '1'
    'HTTP_PROXY_CONNECTION' => 'keep-alive'
    'HTTP_COOKIE' => 'UM_distinctid=16352fcdde5297-089c2ba0041fa1-b34356b-13c680-16352fcdde66dc; PHPSESSID=geangbrlkce6lcgd4hb9pe1uj5; _csrf=3f348816962d3b6502fb9887860e4e47b008f24556c858e8ba81f75c39d728e6a%3A2%3A%7Bi%3A0%3Bs%3A5%3A%22_csrf%22%3Bi%3A1%3Bs%3A32%3A%22zAeuYfr22tlRSgFFx9djB9WWwIgsRX5p%22%3B%7D'
    'HTTP_CACHE_CONTROL' => 'max-age=0'
    'HTTP_ACCEPT_LANGUAGE' => 'zh-CN,zh;q=0.9'
    'HTTP_ACCEPT_ENCODING' => 'gzip, deflate'
    'HTTP_ACCEPT' => 'text/html,application/xhtml+xml,application/xml;q=0.9,image/webp,image/apng,*/*;q=0.8'
    'HTTP_USER_AGENT' => 'Mozilla/5.0 (Windows NT 10.0; Win64; x64) AppleWebKit/537.36 (KHTML, like Gecko) Chrome/65.0.3325.181 Safari/537.36'
    'HTTP_HOST' => 'www.yii.com'
    'FCGI_ROLE' => 'RESPONDER'
    'PHP_SELF' => '/index.php'
    'REQUEST_TIME_FLOAT' => 1526169980.8598
    'REQUEST_TIME' => 1526169980
]
2018-05-13 00:06:21 [127.0.0.1][-][geangbrlkce6lcgd4hb9pe1uj5][error][yii\web\HttpException:404] yii\base\InvalidRouteException: Unable to resolve the request "auth/index". in D:\phpStudy\PHPTutorial\WWW\yii\basic\vendor\yiisoft\yii2\base\Module.php:537
Stack trace:
#0 D:\phpStudy\PHPTutorial\WWW\yii\basic\vendor\yiisoft\yii2\web\Application.php(103): yii\base\Module->runAction('auth/index', Array)
#1 D:\phpStudy\PHPTutorial\WWW\yii\basic\vendor\yiisoft\yii2\base\Application.php(386): yii\web\Application->handleRequest(Object(yii\web\Request))
#2 D:\phpStudy\PHPTutorial\WWW\yii\basic\web\index.php(12): yii\base\Application->run()
#3 {main}

Next yii\web\NotFoundHttpException: Page not found. in D:\phpStudy\PHPTutorial\WWW\yii\basic\vendor\yiisoft\yii2\web\Application.php:115
Stack trace:
#0 D:\phpStudy\PHPTutorial\WWW\yii\basic\vendor\yiisoft\yii2\base\Application.php(386): yii\web\Application->handleRequest(Object(yii\web\Request))
#1 D:\phpStudy\PHPTutorial\WWW\yii\basic\web\index.php(12): yii\base\Application->run()
#2 {main}
2018-05-13 00:06:21 [127.0.0.1][-][geangbrlkce6lcgd4hb9pe1uj5][info][application] $_GET = [
    'r' => 'auth/index'
]

$_POST = []

$_FILES = []

$_COOKIE = [
    'UM_distinctid' => '16352fcdde5297-089c2ba0041fa1-b34356b-13c680-16352fcdde66dc'
    'PHPSESSID' => 'geangbrlkce6lcgd4hb9pe1uj5'
    '_csrf' => '3f348816962d3b6502fb9887860e4e47b008f24556c858e8ba81f75c39d728e6a:2:{i:0;s:5:\"_csrf\";i:1;s:32:\"zAeuYfr22tlRSgFFx9djB9WWwIgsRX5p\";}'
]

$_SESSION = [
    '__flash' => []
]

$_SERVER = [
    'PATH' => 'C:\\Program Files (x86)\\Intel\\iCLS Client\\;C:\\Program Files\\Intel\\iCLS Client\\;C:\\Windows\\system32;C:\\Windows;C:\\Windows\\System32\\Wbem;C:\\Windows\\System32\\WindowsPowerShell\\v1.0\\;C:\\Program Files (x86)\\NVIDIA Corporation\\PhysX\\Common;C:\\Program Files (x86)\\Intel\\Intel(R) Management Engine Components\\DAL;C:\\Program Files\\Intel\\Intel(R) Management Engine Components\\DAL;C:\\Program Files (x86)\\Intel\\Intel(R) Management Engine Components\\IPT;C:\\Program Files\\Intel\\Intel(R) Management Engine Components\\IPT;D:\\Software\\Cmder;C:\\Redis;D:\\phpStudy\\PHPTutorial\\php\\php-7.0.12-nts;D:\\composer;C:\\WINDOWS\\system32;C:\\WINDOWS;C:\\WINDOWS\\System32\\Wbem;C:\\WINDOWS\\System32\\WindowsPowerShell\\v1.0\\;C:\\Users\\hyc\\AppData\\Local\\Microsoft\\WindowsApps;C:\\Users\\hyc\\AppData\\Roaming\\Composer\\vendor\\bin'
    'SYSTEMROOT' => 'C:\\WINDOWS'
    'COMSPEC' => 'C:\\WINDOWS\\system32\\cmd.exe'
    'PATHEXT' => '.COM;.EXE;.BAT;.CMD;.VBS;.VBE;.JS;.JSE;.WSF;.WSH;.MSC'
    'WINDIR' => 'C:\\WINDOWS'
    'PHP_FCGI_MAX_REQUESTS' => '1000'
    'PHPRC' => 'D:/phpStudy/PHPTutorial/php/php-7.0.12-nts/'
    '_FCGI_SHUTDOWN_EVENT_' => '2204'
    'HTTP_CONNECTION' => 'close'
    'SCRIPT_NAME' => '/index.php'
    'REQUEST_URI' => '/?r=auth/index'
    'QUERY_STRING' => 'r=auth/index'
    'REQUEST_METHOD' => 'GET'
    'SERVER_PROTOCOL' => 'HTTP/1.1'
    'GATEWAY_INTERFACE' => 'CGI/1.1'
    'REMOTE_PORT' => '51154'
    'SCRIPT_FILENAME' => 'D:/phpStudy/PHPTutorial/WWW/yii/basic/web/index.php'
    'SERVER_ADMIN' => 'admin@php.cn'
    'CONTEXT_DOCUMENT_ROOT' => 'D:/phpStudy/PHPTutorial/WWW/yii/basic/web'
    'CONTEXT_PREFIX' => ''
    'REQUEST_SCHEME' => 'http'
    'DOCUMENT_ROOT' => 'D:/phpStudy/PHPTutorial/WWW/yii/basic/web'
    'REMOTE_ADDR' => '127.0.0.1'
    'SERVER_PORT' => '80'
    'SERVER_ADDR' => '127.0.0.1'
    'SERVER_NAME' => 'www.yii.com'
    'SERVER_SOFTWARE' => 'Apache/2.4.23 (Win32) OpenSSL/1.0.2j mod_fcgid/2.3.9'
    'SERVER_SIGNATURE' => ''
    'SystemRoot' => 'C:\\WINDOWS'
    'HTTP_X_LANTERN_VERSION' => '4.5.7'
    'HTTP_UPGRADE_INSECURE_REQUESTS' => '1'
    'HTTP_PROXY_CONNECTION' => 'keep-alive'
    'HTTP_COOKIE' => 'UM_distinctid=16352fcdde5297-089c2ba0041fa1-b34356b-13c680-16352fcdde66dc; PHPSESSID=geangbrlkce6lcgd4hb9pe1uj5; _csrf=3f348816962d3b6502fb9887860e4e47b008f24556c858e8ba81f75c39d728e6a%3A2%3A%7Bi%3A0%3Bs%3A5%3A%22_csrf%22%3Bi%3A1%3Bs%3A32%3A%22zAeuYfr22tlRSgFFx9djB9WWwIgsRX5p%22%3B%7D'
    'HTTP_CACHE_CONTROL' => 'max-age=0'
    'HTTP_ACCEPT_LANGUAGE' => 'zh-CN,zh;q=0.9'
    'HTTP_ACCEPT_ENCODING' => 'gzip, deflate'
    'HTTP_ACCEPT' => 'text/html,application/xhtml+xml,application/xml;q=0.9,image/webp,image/apng,*/*;q=0.8'
    'HTTP_USER_AGENT' => 'Mozilla/5.0 (Windows NT 10.0; Win64; x64) AppleWebKit/537.36 (KHTML, like Gecko) Chrome/65.0.3325.181 Safari/537.36'
    'HTTP_HOST' => 'www.yii.com'
    'FCGI_ROLE' => 'RESPONDER'
    'PHP_SELF' => '/index.php'
    'REQUEST_TIME_FLOAT' => 1526169981.2488
    'REQUEST_TIME' => 1526169981
]
2018-05-13 00:06:22 [127.0.0.1][-][geangbrlkce6lcgd4hb9pe1uj5][error][yii\web\HttpException:404] yii\base\InvalidRouteException: Unable to resolve the request "auth/index". in D:\phpStudy\PHPTutorial\WWW\yii\basic\vendor\yiisoft\yii2\base\Module.php:537
Stack trace:
#0 D:\phpStudy\PHPTutorial\WWW\yii\basic\vendor\yiisoft\yii2\web\Application.php(103): yii\base\Module->runAction('auth/index', Array)
#1 D:\phpStudy\PHPTutorial\WWW\yii\basic\vendor\yiisoft\yii2\base\Application.php(386): yii\web\Application->handleRequest(Object(yii\web\Request))
#2 D:\phpStudy\PHPTutorial\WWW\yii\basic\web\index.php(12): yii\base\Application->run()
#3 {main}

Next yii\web\NotFoundHttpException: Page not found. in D:\phpStudy\PHPTutorial\WWW\yii\basic\vendor\yiisoft\yii2\web\Application.php:115
Stack trace:
#0 D:\phpStudy\PHPTutorial\WWW\yii\basic\vendor\yiisoft\yii2\base\Application.php(386): yii\web\Application->handleRequest(Object(yii\web\Request))
#1 D:\phpStudy\PHPTutorial\WWW\yii\basic\web\index.php(12): yii\base\Application->run()
#2 {main}
2018-05-13 00:06:22 [127.0.0.1][-][geangbrlkce6lcgd4hb9pe1uj5][info][application] $_GET = [
    'r' => 'auth/index'
]

$_POST = []

$_FILES = []

$_COOKIE = [
    'UM_distinctid' => '16352fcdde5297-089c2ba0041fa1-b34356b-13c680-16352fcdde66dc'
    'PHPSESSID' => 'geangbrlkce6lcgd4hb9pe1uj5'
    '_csrf' => '3f348816962d3b6502fb9887860e4e47b008f24556c858e8ba81f75c39d728e6a:2:{i:0;s:5:\"_csrf\";i:1;s:32:\"zAeuYfr22tlRSgFFx9djB9WWwIgsRX5p\";}'
]

$_SESSION = [
    '__flash' => []
]

$_SERVER = [
    'PATH' => 'C:\\Program Files (x86)\\Intel\\iCLS Client\\;C:\\Program Files\\Intel\\iCLS Client\\;C:\\Windows\\system32;C:\\Windows;C:\\Windows\\System32\\Wbem;C:\\Windows\\System32\\WindowsPowerShell\\v1.0\\;C:\\Program Files (x86)\\NVIDIA Corporation\\PhysX\\Common;C:\\Program Files (x86)\\Intel\\Intel(R) Management Engine Components\\DAL;C:\\Program Files\\Intel\\Intel(R) Management Engine Components\\DAL;C:\\Program Files (x86)\\Intel\\Intel(R) Management Engine Components\\IPT;C:\\Program Files\\Intel\\Intel(R) Management Engine Components\\IPT;D:\\Software\\Cmder;C:\\Redis;D:\\phpStudy\\PHPTutorial\\php\\php-7.0.12-nts;D:\\composer;C:\\WINDOWS\\system32;C:\\WINDOWS;C:\\WINDOWS\\System32\\Wbem;C:\\WINDOWS\\System32\\WindowsPowerShell\\v1.0\\;C:\\Users\\hyc\\AppData\\Local\\Microsoft\\WindowsApps;C:\\Users\\hyc\\AppData\\Roaming\\Composer\\vendor\\bin'
    'SYSTEMROOT' => 'C:\\WINDOWS'
    'COMSPEC' => 'C:\\WINDOWS\\system32\\cmd.exe'
    'PATHEXT' => '.COM;.EXE;.BAT;.CMD;.VBS;.VBE;.JS;.JSE;.WSF;.WSH;.MSC'
    'WINDIR' => 'C:\\WINDOWS'
    'PHP_FCGI_MAX_REQUESTS' => '1000'
    'PHPRC' => 'D:/phpStudy/PHPTutorial/php/php-7.0.12-nts/'
    '_FCGI_SHUTDOWN_EVENT_' => '2204'
    'HTTP_CONNECTION' => 'close'
    'SCRIPT_NAME' => '/index.php'
    'REQUEST_URI' => '/?r=auth/index'
    'QUERY_STRING' => 'r=auth/index'
    'REQUEST_METHOD' => 'GET'
    'SERVER_PROTOCOL' => 'HTTP/1.1'
    'GATEWAY_INTERFACE' => 'CGI/1.1'
    'REMOTE_PORT' => '51153'
    'SCRIPT_FILENAME' => 'D:/phpStudy/PHPTutorial/WWW/yii/basic/web/index.php'
    'SERVER_ADMIN' => 'admin@php.cn'
    'CONTEXT_DOCUMENT_ROOT' => 'D:/phpStudy/PHPTutorial/WWW/yii/basic/web'
    'CONTEXT_PREFIX' => ''
    'REQUEST_SCHEME' => 'http'
    'DOCUMENT_ROOT' => 'D:/phpStudy/PHPTutorial/WWW/yii/basic/web'
    'REMOTE_ADDR' => '127.0.0.1'
    'SERVER_PORT' => '80'
    'SERVER_ADDR' => '127.0.0.1'
    'SERVER_NAME' => 'www.yii.com'
    'SERVER_SOFTWARE' => 'Apache/2.4.23 (Win32) OpenSSL/1.0.2j mod_fcgid/2.3.9'
    'SERVER_SIGNATURE' => ''
    'SystemRoot' => 'C:\\WINDOWS'
    'HTTP_X_LANTERN_VERSION' => '4.5.7'
    'HTTP_UPGRADE_INSECURE_REQUESTS' => '1'
    'HTTP_PROXY_CONNECTION' => 'keep-alive'
    'HTTP_COOKIE' => 'UM_distinctid=16352fcdde5297-089c2ba0041fa1-b34356b-13c680-16352fcdde66dc; PHPSESSID=geangbrlkce6lcgd4hb9pe1uj5; _csrf=3f348816962d3b6502fb9887860e4e47b008f24556c858e8ba81f75c39d728e6a%3A2%3A%7Bi%3A0%3Bs%3A5%3A%22_csrf%22%3Bi%3A1%3Bs%3A32%3A%22zAeuYfr22tlRSgFFx9djB9WWwIgsRX5p%22%3B%7D'
    'HTTP_CACHE_CONTROL' => 'max-age=0'
    'HTTP_ACCEPT_LANGUAGE' => 'zh-CN,zh;q=0.9'
    'HTTP_ACCEPT_ENCODING' => 'gzip, deflate'
    'HTTP_ACCEPT' => 'text/html,application/xhtml+xml,application/xml;q=0.9,image/webp,image/apng,*/*;q=0.8'
    'HTTP_USER_AGENT' => 'Mozilla/5.0 (Windows NT 10.0; Win64; x64) AppleWebKit/537.36 (KHTML, like Gecko) Chrome/65.0.3325.181 Safari/537.36'
    'HTTP_HOST' => 'www.yii.com'
    'FCGI_ROLE' => 'RESPONDER'
    'PHP_SELF' => '/index.php'
    'REQUEST_TIME_FLOAT' => 1526169982.0836
    'REQUEST_TIME' => 1526169982
]
2018-05-13 00:09:32 [127.0.0.1][-][geangbrlkce6lcgd4hb9pe1uj5][error][yii\web\HttpException:404] yii\base\InvalidRouteException: Unable to resolve the request "auth/index". in D:\phpStudy\PHPTutorial\WWW\yii\basic\vendor\yiisoft\yii2\base\Module.php:537
Stack trace:
#0 D:\phpStudy\PHPTutorial\WWW\yii\basic\vendor\yiisoft\yii2\web\Application.php(103): yii\base\Module->runAction('auth/index', Array)
#1 D:\phpStudy\PHPTutorial\WWW\yii\basic\vendor\yiisoft\yii2\base\Application.php(386): yii\web\Application->handleRequest(Object(yii\web\Request))
#2 D:\phpStudy\PHPTutorial\WWW\yii\basic\web\index.php(12): yii\base\Application->run()
#3 {main}

Next yii\web\NotFoundHttpException: Page not found. in D:\phpStudy\PHPTutorial\WWW\yii\basic\vendor\yiisoft\yii2\web\Application.php:115
Stack trace:
#0 D:\phpStudy\PHPTutorial\WWW\yii\basic\vendor\yiisoft\yii2\base\Application.php(386): yii\web\Application->handleRequest(Object(yii\web\Request))
#1 D:\phpStudy\PHPTutorial\WWW\yii\basic\web\index.php(12): yii\base\Application->run()
#2 {main}
2018-05-13 00:09:32 [127.0.0.1][-][geangbrlkce6lcgd4hb9pe1uj5][info][application] $_GET = [
    'r' => 'auth/index'
]

$_POST = []

$_FILES = []

$_COOKIE = [
    'UM_distinctid' => '16352fcdde5297-089c2ba0041fa1-b34356b-13c680-16352fcdde66dc'
    'PHPSESSID' => 'geangbrlkce6lcgd4hb9pe1uj5'
    '_csrf' => '3f348816962d3b6502fb9887860e4e47b008f24556c858e8ba81f75c39d728e6a:2:{i:0;s:5:\"_csrf\";i:1;s:32:\"zAeuYfr22tlRSgFFx9djB9WWwIgsRX5p\";}'
]

$_SESSION = [
    '__flash' => []
]

$_SERVER = [
    'PATH' => 'C:\\Program Files (x86)\\Intel\\iCLS Client\\;C:\\Program Files\\Intel\\iCLS Client\\;C:\\Windows\\system32;C:\\Windows;C:\\Windows\\System32\\Wbem;C:\\Windows\\System32\\WindowsPowerShell\\v1.0\\;C:\\Program Files (x86)\\NVIDIA Corporation\\PhysX\\Common;C:\\Program Files (x86)\\Intel\\Intel(R) Management Engine Components\\DAL;C:\\Program Files\\Intel\\Intel(R) Management Engine Components\\DAL;C:\\Program Files (x86)\\Intel\\Intel(R) Management Engine Components\\IPT;C:\\Program Files\\Intel\\Intel(R) Management Engine Components\\IPT;D:\\Software\\Cmder;C:\\Redis;D:\\phpStudy\\PHPTutorial\\php\\php-7.0.12-nts;D:\\composer;C:\\WINDOWS\\system32;C:\\WINDOWS;C:\\WINDOWS\\System32\\Wbem;C:\\WINDOWS\\System32\\WindowsPowerShell\\v1.0\\;C:\\Users\\hyc\\AppData\\Local\\Microsoft\\WindowsApps;C:\\Users\\hyc\\AppData\\Roaming\\Composer\\vendor\\bin'
    'SYSTEMROOT' => 'C:\\WINDOWS'
    'COMSPEC' => 'C:\\WINDOWS\\system32\\cmd.exe'
    'PATHEXT' => '.COM;.EXE;.BAT;.CMD;.VBS;.VBE;.JS;.JSE;.WSF;.WSH;.MSC'
    'WINDIR' => 'C:\\WINDOWS'
    'PHP_FCGI_MAX_REQUESTS' => '1000'
    'PHPRC' => 'D:/phpStudy/PHPTutorial/php/php-7.0.12-nts/'
    '_FCGI_SHUTDOWN_EVENT_' => '2316'
    'HTTP_CONNECTION' => 'close'
    'SCRIPT_NAME' => '/index.php'
    'REQUEST_URI' => '/?r=auth/index'
    'QUERY_STRING' => 'r=auth/index'
    'REQUEST_METHOD' => 'GET'
    'SERVER_PROTOCOL' => 'HTTP/1.1'
    'GATEWAY_INTERFACE' => 'CGI/1.1'
    'REMOTE_PORT' => '51474'
    'SCRIPT_FILENAME' => 'D:/phpStudy/PHPTutorial/WWW/yii/basic/web/index.php'
    'SERVER_ADMIN' => 'admin@php.cn'
    'CONTEXT_DOCUMENT_ROOT' => 'D:/phpStudy/PHPTutorial/WWW/yii/basic/web'
    'CONTEXT_PREFIX' => ''
    'REQUEST_SCHEME' => 'http'
    'DOCUMENT_ROOT' => 'D:/phpStudy/PHPTutorial/WWW/yii/basic/web'
    'REMOTE_ADDR' => '127.0.0.1'
    'SERVER_PORT' => '80'
    'SERVER_ADDR' => '127.0.0.1'
    'SERVER_NAME' => 'www.yii.com'
    'SERVER_SOFTWARE' => 'Apache/2.4.23 (Win32) OpenSSL/1.0.2j mod_fcgid/2.3.9'
    'SERVER_SIGNATURE' => ''
    'SystemRoot' => 'C:\\WINDOWS'
    'HTTP_X_LANTERN_VERSION' => '4.5.7'
    'HTTP_UPGRADE_INSECURE_REQUESTS' => '1'
    'HTTP_PROXY_CONNECTION' => 'keep-alive'
    'HTTP_COOKIE' => 'UM_distinctid=16352fcdde5297-089c2ba0041fa1-b34356b-13c680-16352fcdde66dc; PHPSESSID=geangbrlkce6lcgd4hb9pe1uj5; _csrf=3f348816962d3b6502fb9887860e4e47b008f24556c858e8ba81f75c39d728e6a%3A2%3A%7Bi%3A0%3Bs%3A5%3A%22_csrf%22%3Bi%3A1%3Bs%3A32%3A%22zAeuYfr22tlRSgFFx9djB9WWwIgsRX5p%22%3B%7D'
    'HTTP_CACHE_CONTROL' => 'max-age=0'
    'HTTP_ACCEPT_LANGUAGE' => 'zh-CN,zh;q=0.9'
    'HTTP_ACCEPT_ENCODING' => 'gzip, deflate'
    'HTTP_ACCEPT' => 'text/html,application/xhtml+xml,application/xml;q=0.9,image/webp,image/apng,*/*;q=0.8'
    'HTTP_USER_AGENT' => 'Mozilla/5.0 (Windows NT 10.0; Win64; x64) AppleWebKit/537.36 (KHTML, like Gecko) Chrome/65.0.3325.181 Safari/537.36'
    'HTTP_HOST' => 'www.yii.com'
    'FCGI_ROLE' => 'RESPONDER'
    'PHP_SELF' => '/index.php'
    'REQUEST_TIME_FLOAT' => 1526170172.3176
    'REQUEST_TIME' => 1526170172
]
2018-05-13 00:09:32 [127.0.0.1][-][geangbrlkce6lcgd4hb9pe1uj5][error][yii\web\HttpException:404] yii\base\InvalidRouteException: Unable to resolve the request "auth/index". in D:\phpStudy\PHPTutorial\WWW\yii\basic\vendor\yiisoft\yii2\base\Module.php:537
Stack trace:
#0 D:\phpStudy\PHPTutorial\WWW\yii\basic\vendor\yiisoft\yii2\web\Application.php(103): yii\base\Module->runAction('auth/index', Array)
#1 D:\phpStudy\PHPTutorial\WWW\yii\basic\vendor\yiisoft\yii2\base\Application.php(386): yii\web\Application->handleRequest(Object(yii\web\Request))
#2 D:\phpStudy\PHPTutorial\WWW\yii\basic\web\index.php(12): yii\base\Application->run()
#3 {main}

Next yii\web\NotFoundHttpException: Page not found. in D:\phpStudy\PHPTutorial\WWW\yii\basic\vendor\yiisoft\yii2\web\Application.php:115
Stack trace:
#0 D:\phpStudy\PHPTutorial\WWW\yii\basic\vendor\yiisoft\yii2\base\Application.php(386): yii\web\Application->handleRequest(Object(yii\web\Request))
#1 D:\phpStudy\PHPTutorial\WWW\yii\basic\web\index.php(12): yii\base\Application->run()
#2 {main}
2018-05-13 00:09:32 [127.0.0.1][-][geangbrlkce6lcgd4hb9pe1uj5][info][application] $_GET = [
    'r' => 'auth/index'
]

$_POST = []

$_FILES = []

$_COOKIE = [
    'UM_distinctid' => '16352fcdde5297-089c2ba0041fa1-b34356b-13c680-16352fcdde66dc'
    'PHPSESSID' => 'geangbrlkce6lcgd4hb9pe1uj5'
    '_csrf' => '3f348816962d3b6502fb9887860e4e47b008f24556c858e8ba81f75c39d728e6a:2:{i:0;s:5:\"_csrf\";i:1;s:32:\"zAeuYfr22tlRSgFFx9djB9WWwIgsRX5p\";}'
]

$_SESSION = [
    '__flash' => []
]

$_SERVER = [
    'PATH' => 'C:\\Program Files (x86)\\Intel\\iCLS Client\\;C:\\Program Files\\Intel\\iCLS Client\\;C:\\Windows\\system32;C:\\Windows;C:\\Windows\\System32\\Wbem;C:\\Windows\\System32\\WindowsPowerShell\\v1.0\\;C:\\Program Files (x86)\\NVIDIA Corporation\\PhysX\\Common;C:\\Program Files (x86)\\Intel\\Intel(R) Management Engine Components\\DAL;C:\\Program Files\\Intel\\Intel(R) Management Engine Components\\DAL;C:\\Program Files (x86)\\Intel\\Intel(R) Management Engine Components\\IPT;C:\\Program Files\\Intel\\Intel(R) Management Engine Components\\IPT;D:\\Software\\Cmder;C:\\Redis;D:\\phpStudy\\PHPTutorial\\php\\php-7.0.12-nts;D:\\composer;C:\\WINDOWS\\system32;C:\\WINDOWS;C:\\WINDOWS\\System32\\Wbem;C:\\WINDOWS\\System32\\WindowsPowerShell\\v1.0\\;C:\\Users\\hyc\\AppData\\Local\\Microsoft\\WindowsApps;C:\\Users\\hyc\\AppData\\Roaming\\Composer\\vendor\\bin'
    'SYSTEMROOT' => 'C:\\WINDOWS'
    'COMSPEC' => 'C:\\WINDOWS\\system32\\cmd.exe'
    'PATHEXT' => '.COM;.EXE;.BAT;.CMD;.VBS;.VBE;.JS;.JSE;.WSF;.WSH;.MSC'
    'WINDIR' => 'C:\\WINDOWS'
    'PHP_FCGI_MAX_REQUESTS' => '1000'
    'PHPRC' => 'D:/phpStudy/PHPTutorial/php/php-7.0.12-nts/'
    '_FCGI_SHUTDOWN_EVENT_' => '2316'
    'HTTP_CONNECTION' => 'close'
    'SCRIPT_NAME' => '/index.php'
    'REQUEST_URI' => '/?r=auth/index'
    'QUERY_STRING' => 'r=auth/index'
    'REQUEST_METHOD' => 'GET'
    'SERVER_PROTOCOL' => 'HTTP/1.1'
    'GATEWAY_INTERFACE' => 'CGI/1.1'
    'REMOTE_PORT' => '51476'
    'SCRIPT_FILENAME' => 'D:/phpStudy/PHPTutorial/WWW/yii/basic/web/index.php'
    'SERVER_ADMIN' => 'admin@php.cn'
    'CONTEXT_DOCUMENT_ROOT' => 'D:/phpStudy/PHPTutorial/WWW/yii/basic/web'
    'CONTEXT_PREFIX' => ''
    'REQUEST_SCHEME' => 'http'
    'DOCUMENT_ROOT' => 'D:/phpStudy/PHPTutorial/WWW/yii/basic/web'
    'REMOTE_ADDR' => '127.0.0.1'
    'SERVER_PORT' => '80'
    'SERVER_ADDR' => '127.0.0.1'
    'SERVER_NAME' => 'www.yii.com'
    'SERVER_SOFTWARE' => 'Apache/2.4.23 (Win32) OpenSSL/1.0.2j mod_fcgid/2.3.9'
    'SERVER_SIGNATURE' => ''
    'SystemRoot' => 'C:\\WINDOWS'
    'HTTP_X_LANTERN_VERSION' => '4.5.7'
    'HTTP_UPGRADE_INSECURE_REQUESTS' => '1'
    'HTTP_PROXY_CONNECTION' => 'keep-alive'
    'HTTP_COOKIE' => 'UM_distinctid=16352fcdde5297-089c2ba0041fa1-b34356b-13c680-16352fcdde66dc; PHPSESSID=geangbrlkce6lcgd4hb9pe1uj5; _csrf=3f348816962d3b6502fb9887860e4e47b008f24556c858e8ba81f75c39d728e6a%3A2%3A%7Bi%3A0%3Bs%3A5%3A%22_csrf%22%3Bi%3A1%3Bs%3A32%3A%22zAeuYfr22tlRSgFFx9djB9WWwIgsRX5p%22%3B%7D'
    'HTTP_CACHE_CONTROL' => 'max-age=0'
    'HTTP_ACCEPT_LANGUAGE' => 'zh-CN,zh;q=0.9'
    'HTTP_ACCEPT_ENCODING' => 'gzip, deflate'
    'HTTP_ACCEPT' => 'text/html,application/xhtml+xml,application/xml;q=0.9,image/webp,image/apng,*/*;q=0.8'
    'HTTP_USER_AGENT' => 'Mozilla/5.0 (Windows NT 10.0; Win64; x64) AppleWebKit/537.36 (KHTML, like Gecko) Chrome/65.0.3325.181 Safari/537.36'
    'HTTP_HOST' => 'www.yii.com'
    'FCGI_ROLE' => 'RESPONDER'
    'PHP_SELF' => '/index.php'
    'REQUEST_TIME_FLOAT' => 1526170172.7482
    'REQUEST_TIME' => 1526170172
]
2018-05-13 00:09:33 [127.0.0.1][-][geangbrlkce6lcgd4hb9pe1uj5][error][yii\web\HttpException:404] yii\base\InvalidRouteException: Unable to resolve the request "auth/index". in D:\phpStudy\PHPTutorial\WWW\yii\basic\vendor\yiisoft\yii2\base\Module.php:537
Stack trace:
#0 D:\phpStudy\PHPTutorial\WWW\yii\basic\vendor\yiisoft\yii2\web\Application.php(103): yii\base\Module->runAction('auth/index', Array)
#1 D:\phpStudy\PHPTutorial\WWW\yii\basic\vendor\yiisoft\yii2\base\Application.php(386): yii\web\Application->handleRequest(Object(yii\web\Request))
#2 D:\phpStudy\PHPTutorial\WWW\yii\basic\web\index.php(12): yii\base\Application->run()
#3 {main}

Next yii\web\NotFoundHttpException: Page not found. in D:\phpStudy\PHPTutorial\WWW\yii\basic\vendor\yiisoft\yii2\web\Application.php:115
Stack trace:
#0 D:\phpStudy\PHPTutorial\WWW\yii\basic\vendor\yiisoft\yii2\base\Application.php(386): yii\web\Application->handleRequest(Object(yii\web\Request))
#1 D:\phpStudy\PHPTutorial\WWW\yii\basic\web\index.php(12): yii\base\Application->run()
#2 {main}
2018-05-13 00:09:33 [127.0.0.1][-][geangbrlkce6lcgd4hb9pe1uj5][info][application] $_GET = [
    'r' => 'auth/index'
]

$_POST = []

$_FILES = []

$_COOKIE = [
    'UM_distinctid' => '16352fcdde5297-089c2ba0041fa1-b34356b-13c680-16352fcdde66dc'
    'PHPSESSID' => 'geangbrlkce6lcgd4hb9pe1uj5'
    '_csrf' => '3f348816962d3b6502fb9887860e4e47b008f24556c858e8ba81f75c39d728e6a:2:{i:0;s:5:\"_csrf\";i:1;s:32:\"zAeuYfr22tlRSgFFx9djB9WWwIgsRX5p\";}'
]

$_SESSION = [
    '__flash' => []
]

$_SERVER = [
    'PATH' => 'C:\\Program Files (x86)\\Intel\\iCLS Client\\;C:\\Program Files\\Intel\\iCLS Client\\;C:\\Windows\\system32;C:\\Windows;C:\\Windows\\System32\\Wbem;C:\\Windows\\System32\\WindowsPowerShell\\v1.0\\;C:\\Program Files (x86)\\NVIDIA Corporation\\PhysX\\Common;C:\\Program Files (x86)\\Intel\\Intel(R) Management Engine Components\\DAL;C:\\Program Files\\Intel\\Intel(R) Management Engine Components\\DAL;C:\\Program Files (x86)\\Intel\\Intel(R) Management Engine Components\\IPT;C:\\Program Files\\Intel\\Intel(R) Management Engine Components\\IPT;D:\\Software\\Cmder;C:\\Redis;D:\\phpStudy\\PHPTutorial\\php\\php-7.0.12-nts;D:\\composer;C:\\WINDOWS\\system32;C:\\WINDOWS;C:\\WINDOWS\\System32\\Wbem;C:\\WINDOWS\\System32\\WindowsPowerShell\\v1.0\\;C:\\Users\\hyc\\AppData\\Local\\Microsoft\\WindowsApps;C:\\Users\\hyc\\AppData\\Roaming\\Composer\\vendor\\bin'
    'SYSTEMROOT' => 'C:\\WINDOWS'
    'COMSPEC' => 'C:\\WINDOWS\\system32\\cmd.exe'
    'PATHEXT' => '.COM;.EXE;.BAT;.CMD;.VBS;.VBE;.JS;.JSE;.WSF;.WSH;.MSC'
    'WINDIR' => 'C:\\WINDOWS'
    'PHP_FCGI_MAX_REQUESTS' => '1000'
    'PHPRC' => 'D:/phpStudy/PHPTutorial/php/php-7.0.12-nts/'
    '_FCGI_SHUTDOWN_EVENT_' => '2316'
    'HTTP_CONNECTION' => 'close'
    'SCRIPT_NAME' => '/index.php'
    'REQUEST_URI' => '/?r=auth/index'
    'QUERY_STRING' => 'r=auth/index'
    'REQUEST_METHOD' => 'GET'
    'SERVER_PROTOCOL' => 'HTTP/1.1'
    'GATEWAY_INTERFACE' => 'CGI/1.1'
    'REMOTE_PORT' => '51476'
    'SCRIPT_FILENAME' => 'D:/phpStudy/PHPTutorial/WWW/yii/basic/web/index.php'
    'SERVER_ADMIN' => 'admin@php.cn'
    'CONTEXT_DOCUMENT_ROOT' => 'D:/phpStudy/PHPTutorial/WWW/yii/basic/web'
    'CONTEXT_PREFIX' => ''
    'REQUEST_SCHEME' => 'http'
    'DOCUMENT_ROOT' => 'D:/phpStudy/PHPTutorial/WWW/yii/basic/web'
    'REMOTE_ADDR' => '127.0.0.1'
    'SERVER_PORT' => '80'
    'SERVER_ADDR' => '127.0.0.1'
    'SERVER_NAME' => 'www.yii.com'
    'SERVER_SOFTWARE' => 'Apache/2.4.23 (Win32) OpenSSL/1.0.2j mod_fcgid/2.3.9'
    'SERVER_SIGNATURE' => ''
    'SystemRoot' => 'C:\\WINDOWS'
    'HTTP_X_LANTERN_VERSION' => '4.5.7'
    'HTTP_UPGRADE_INSECURE_REQUESTS' => '1'
    'HTTP_PROXY_CONNECTION' => 'keep-alive'
    'HTTP_COOKIE' => 'UM_distinctid=16352fcdde5297-089c2ba0041fa1-b34356b-13c680-16352fcdde66dc; PHPSESSID=geangbrlkce6lcgd4hb9pe1uj5; _csrf=3f348816962d3b6502fb9887860e4e47b008f24556c858e8ba81f75c39d728e6a%3A2%3A%7Bi%3A0%3Bs%3A5%3A%22_csrf%22%3Bi%3A1%3Bs%3A32%3A%22zAeuYfr22tlRSgFFx9djB9WWwIgsRX5p%22%3B%7D'
    'HTTP_CACHE_CONTROL' => 'max-age=0'
    'HTTP_ACCEPT_LANGUAGE' => 'zh-CN,zh;q=0.9'
    'HTTP_ACCEPT_ENCODING' => 'gzip, deflate'
    'HTTP_ACCEPT' => 'text/html,application/xhtml+xml,application/xml;q=0.9,image/webp,image/apng,*/*;q=0.8'
    'HTTP_USER_AGENT' => 'Mozilla/5.0 (Windows NT 10.0; Win64; x64) AppleWebKit/537.36 (KHTML, like Gecko) Chrome/65.0.3325.181 Safari/537.36'
    'HTTP_HOST' => 'www.yii.com'
    'FCGI_ROLE' => 'RESPONDER'
    'PHP_SELF' => '/index.php'
    'REQUEST_TIME_FLOAT' => 1526170173.2487
    'REQUEST_TIME' => 1526170173
]
2018-05-13 00:09:33 [127.0.0.1][-][geangbrlkce6lcgd4hb9pe1uj5][error][yii\web\HttpException:404] yii\base\InvalidRouteException: Unable to resolve the request "auth/index". in D:\phpStudy\PHPTutorial\WWW\yii\basic\vendor\yiisoft\yii2\base\Module.php:537
Stack trace:
#0 D:\phpStudy\PHPTutorial\WWW\yii\basic\vendor\yiisoft\yii2\web\Application.php(103): yii\base\Module->runAction('auth/index', Array)
#1 D:\phpStudy\PHPTutorial\WWW\yii\basic\vendor\yiisoft\yii2\base\Application.php(386): yii\web\Application->handleRequest(Object(yii\web\Request))
#2 D:\phpStudy\PHPTutorial\WWW\yii\basic\web\index.php(12): yii\base\Application->run()
#3 {main}

Next yii\web\NotFoundHttpException: Page not found. in D:\phpStudy\PHPTutorial\WWW\yii\basic\vendor\yiisoft\yii2\web\Application.php:115
Stack trace:
#0 D:\phpStudy\PHPTutorial\WWW\yii\basic\vendor\yiisoft\yii2\base\Application.php(386): yii\web\Application->handleRequest(Object(yii\web\Request))
#1 D:\phpStudy\PHPTutorial\WWW\yii\basic\web\index.php(12): yii\base\Application->run()
#2 {main}
2018-05-13 00:09:33 [127.0.0.1][-][geangbrlkce6lcgd4hb9pe1uj5][info][application] $_GET = [
    'r' => 'auth/index'
]

$_POST = []

$_FILES = []

$_COOKIE = [
    'UM_distinctid' => '16352fcdde5297-089c2ba0041fa1-b34356b-13c680-16352fcdde66dc'
    'PHPSESSID' => 'geangbrlkce6lcgd4hb9pe1uj5'
    '_csrf' => '3f348816962d3b6502fb9887860e4e47b008f24556c858e8ba81f75c39d728e6a:2:{i:0;s:5:\"_csrf\";i:1;s:32:\"zAeuYfr22tlRSgFFx9djB9WWwIgsRX5p\";}'
]

$_SESSION = [
    '__flash' => []
]

$_SERVER = [
    'PATH' => 'C:\\Program Files (x86)\\Intel\\iCLS Client\\;C:\\Program Files\\Intel\\iCLS Client\\;C:\\Windows\\system32;C:\\Windows;C:\\Windows\\System32\\Wbem;C:\\Windows\\System32\\WindowsPowerShell\\v1.0\\;C:\\Program Files (x86)\\NVIDIA Corporation\\PhysX\\Common;C:\\Program Files (x86)\\Intel\\Intel(R) Management Engine Components\\DAL;C:\\Program Files\\Intel\\Intel(R) Management Engine Components\\DAL;C:\\Program Files (x86)\\Intel\\Intel(R) Management Engine Components\\IPT;C:\\Program Files\\Intel\\Intel(R) Management Engine Components\\IPT;D:\\Software\\Cmder;C:\\Redis;D:\\phpStudy\\PHPTutorial\\php\\php-7.0.12-nts;D:\\composer;C:\\WINDOWS\\system32;C:\\WINDOWS;C:\\WINDOWS\\System32\\Wbem;C:\\WINDOWS\\System32\\WindowsPowerShell\\v1.0\\;C:\\Users\\hyc\\AppData\\Local\\Microsoft\\WindowsApps;C:\\Users\\hyc\\AppData\\Roaming\\Composer\\vendor\\bin'
    'SYSTEMROOT' => 'C:\\WINDOWS'
    'COMSPEC' => 'C:\\WINDOWS\\system32\\cmd.exe'
    'PATHEXT' => '.COM;.EXE;.BAT;.CMD;.VBS;.VBE;.JS;.JSE;.WSF;.WSH;.MSC'
    'WINDIR' => 'C:\\WINDOWS'
    'PHP_FCGI_MAX_REQUESTS' => '1000'
    'PHPRC' => 'D:/phpStudy/PHPTutorial/php/php-7.0.12-nts/'
    '_FCGI_SHUTDOWN_EVENT_' => '2316'
    'HTTP_CONNECTION' => 'close'
    'SCRIPT_NAME' => '/index.php'
    'REQUEST_URI' => '/?r=auth/index'
    'QUERY_STRING' => 'r=auth/index'
    'REQUEST_METHOD' => 'GET'
    'SERVER_PROTOCOL' => 'HTTP/1.1'
    'GATEWAY_INTERFACE' => 'CGI/1.1'
    'REMOTE_PORT' => '51476'
    'SCRIPT_FILENAME' => 'D:/phpStudy/PHPTutorial/WWW/yii/basic/web/index.php'
    'SERVER_ADMIN' => 'admin@php.cn'
    'CONTEXT_DOCUMENT_ROOT' => 'D:/phpStudy/PHPTutorial/WWW/yii/basic/web'
    'CONTEXT_PREFIX' => ''
    'REQUEST_SCHEME' => 'http'
    'DOCUMENT_ROOT' => 'D:/phpStudy/PHPTutorial/WWW/yii/basic/web'
    'REMOTE_ADDR' => '127.0.0.1'
    'SERVER_PORT' => '80'
    'SERVER_ADDR' => '127.0.0.1'
    'SERVER_NAME' => 'www.yii.com'
    'SERVER_SOFTWARE' => 'Apache/2.4.23 (Win32) OpenSSL/1.0.2j mod_fcgid/2.3.9'
    'SERVER_SIGNATURE' => ''
    'SystemRoot' => 'C:\\WINDOWS'
    'HTTP_X_LANTERN_VERSION' => '4.5.7'
    'HTTP_UPGRADE_INSECURE_REQUESTS' => '1'
    'HTTP_PROXY_CONNECTION' => 'keep-alive'
    'HTTP_COOKIE' => 'UM_distinctid=16352fcdde5297-089c2ba0041fa1-b34356b-13c680-16352fcdde66dc; PHPSESSID=geangbrlkce6lcgd4hb9pe1uj5; _csrf=3f348816962d3b6502fb9887860e4e47b008f24556c858e8ba81f75c39d728e6a%3A2%3A%7Bi%3A0%3Bs%3A5%3A%22_csrf%22%3Bi%3A1%3Bs%3A32%3A%22zAeuYfr22tlRSgFFx9djB9WWwIgsRX5p%22%3B%7D'
    'HTTP_CACHE_CONTROL' => 'max-age=0'
    'HTTP_ACCEPT_LANGUAGE' => 'zh-CN,zh;q=0.9'
    'HTTP_ACCEPT_ENCODING' => 'gzip, deflate'
    'HTTP_ACCEPT' => 'text/html,application/xhtml+xml,application/xml;q=0.9,image/webp,image/apng,*/*;q=0.8'
    'HTTP_USER_AGENT' => 'Mozilla/5.0 (Windows NT 10.0; Win64; x64) AppleWebKit/537.36 (KHTML, like Gecko) Chrome/65.0.3325.181 Safari/537.36'
    'HTTP_HOST' => 'www.yii.com'
    'FCGI_ROLE' => 'RESPONDER'
    'PHP_SELF' => '/index.php'
    'REQUEST_TIME_FLOAT' => 1526170173.4832
    'REQUEST_TIME' => 1526170173
]
2018-05-13 00:09:34 [127.0.0.1][-][geangbrlkce6lcgd4hb9pe1uj5][error][yii\web\HttpException:404] yii\base\InvalidRouteException: Unable to resolve the request "auth/index". in D:\phpStudy\PHPTutorial\WWW\yii\basic\vendor\yiisoft\yii2\base\Module.php:537
Stack trace:
#0 D:\phpStudy\PHPTutorial\WWW\yii\basic\vendor\yiisoft\yii2\web\Application.php(103): yii\base\Module->runAction('auth/index', Array)
#1 D:\phpStudy\PHPTutorial\WWW\yii\basic\vendor\yiisoft\yii2\base\Application.php(386): yii\web\Application->handleRequest(Object(yii\web\Request))
#2 D:\phpStudy\PHPTutorial\WWW\yii\basic\web\index.php(12): yii\base\Application->run()
#3 {main}

Next yii\web\NotFoundHttpException: Page not found. in D:\phpStudy\PHPTutorial\WWW\yii\basic\vendor\yiisoft\yii2\web\Application.php:115
Stack trace:
#0 D:\phpStudy\PHPTutorial\WWW\yii\basic\vendor\yiisoft\yii2\base\Application.php(386): yii\web\Application->handleRequest(Object(yii\web\Request))
#1 D:\phpStudy\PHPTutorial\WWW\yii\basic\web\index.php(12): yii\base\Application->run()
#2 {main}
2018-05-13 00:09:34 [127.0.0.1][-][geangbrlkce6lcgd4hb9pe1uj5][info][application] $_GET = [
    'r' => 'auth/index'
]

$_POST = []

$_FILES = []

$_COOKIE = [
    'UM_distinctid' => '16352fcdde5297-089c2ba0041fa1-b34356b-13c680-16352fcdde66dc'
    'PHPSESSID' => 'geangbrlkce6lcgd4hb9pe1uj5'
    '_csrf' => '3f348816962d3b6502fb9887860e4e47b008f24556c858e8ba81f75c39d728e6a:2:{i:0;s:5:\"_csrf\";i:1;s:32:\"zAeuYfr22tlRSgFFx9djB9WWwIgsRX5p\";}'
]

$_SESSION = [
    '__flash' => []
]

$_SERVER = [
    'PATH' => 'C:\\Program Files (x86)\\Intel\\iCLS Client\\;C:\\Program Files\\Intel\\iCLS Client\\;C:\\Windows\\system32;C:\\Windows;C:\\Windows\\System32\\Wbem;C:\\Windows\\System32\\WindowsPowerShell\\v1.0\\;C:\\Program Files (x86)\\NVIDIA Corporation\\PhysX\\Common;C:\\Program Files (x86)\\Intel\\Intel(R) Management Engine Components\\DAL;C:\\Program Files\\Intel\\Intel(R) Management Engine Components\\DAL;C:\\Program Files (x86)\\Intel\\Intel(R) Management Engine Components\\IPT;C:\\Program Files\\Intel\\Intel(R) Management Engine Components\\IPT;D:\\Software\\Cmder;C:\\Redis;D:\\phpStudy\\PHPTutorial\\php\\php-7.0.12-nts;D:\\composer;C:\\WINDOWS\\system32;C:\\WINDOWS;C:\\WINDOWS\\System32\\Wbem;C:\\WINDOWS\\System32\\WindowsPowerShell\\v1.0\\;C:\\Users\\hyc\\AppData\\Local\\Microsoft\\WindowsApps;C:\\Users\\hyc\\AppData\\Roaming\\Composer\\vendor\\bin'
    'SYSTEMROOT' => 'C:\\WINDOWS'
    'COMSPEC' => 'C:\\WINDOWS\\system32\\cmd.exe'
    'PATHEXT' => '.COM;.EXE;.BAT;.CMD;.VBS;.VBE;.JS;.JSE;.WSF;.WSH;.MSC'
    'WINDIR' => 'C:\\WINDOWS'
    'PHP_FCGI_MAX_REQUESTS' => '1000'
    'PHPRC' => 'D:/phpStudy/PHPTutorial/php/php-7.0.12-nts/'
    '_FCGI_SHUTDOWN_EVENT_' => '2316'
    'HTTP_CONNECTION' => 'close'
    'SCRIPT_NAME' => '/index.php'
    'REQUEST_URI' => '/?r=auth/index'
    'QUERY_STRING' => 'r=auth/index'
    'REQUEST_METHOD' => 'GET'
    'SERVER_PROTOCOL' => 'HTTP/1.1'
    'GATEWAY_INTERFACE' => 'CGI/1.1'
    'REMOTE_PORT' => '51479'
    'SCRIPT_FILENAME' => 'D:/phpStudy/PHPTutorial/WWW/yii/basic/web/index.php'
    'SERVER_ADMIN' => 'admin@php.cn'
    'CONTEXT_DOCUMENT_ROOT' => 'D:/phpStudy/PHPTutorial/WWW/yii/basic/web'
    'CONTEXT_PREFIX' => ''
    'REQUEST_SCHEME' => 'http'
    'DOCUMENT_ROOT' => 'D:/phpStudy/PHPTutorial/WWW/yii/basic/web'
    'REMOTE_ADDR' => '127.0.0.1'
    'SERVER_PORT' => '80'
    'SERVER_ADDR' => '127.0.0.1'
    'SERVER_NAME' => 'www.yii.com'
    'SERVER_SOFTWARE' => 'Apache/2.4.23 (Win32) OpenSSL/1.0.2j mod_fcgid/2.3.9'
    'SERVER_SIGNATURE' => ''
    'SystemRoot' => 'C:\\WINDOWS'
    'HTTP_X_LANTERN_VERSION' => '4.5.7'
    'HTTP_UPGRADE_INSECURE_REQUESTS' => '1'
    'HTTP_PROXY_CONNECTION' => 'keep-alive'
    'HTTP_COOKIE' => 'UM_distinctid=16352fcdde5297-089c2ba0041fa1-b34356b-13c680-16352fcdde66dc; PHPSESSID=geangbrlkce6lcgd4hb9pe1uj5; _csrf=3f348816962d3b6502fb9887860e4e47b008f24556c858e8ba81f75c39d728e6a%3A2%3A%7Bi%3A0%3Bs%3A5%3A%22_csrf%22%3Bi%3A1%3Bs%3A32%3A%22zAeuYfr22tlRSgFFx9djB9WWwIgsRX5p%22%3B%7D'
    'HTTP_CACHE_CONTROL' => 'max-age=0'
    'HTTP_ACCEPT_LANGUAGE' => 'zh-CN,zh;q=0.9'
    'HTTP_ACCEPT_ENCODING' => 'gzip, deflate'
    'HTTP_ACCEPT' => 'text/html,application/xhtml+xml,application/xml;q=0.9,image/webp,image/apng,*/*;q=0.8'
    'HTTP_USER_AGENT' => 'Mozilla/5.0 (Windows NT 10.0; Win64; x64) AppleWebKit/537.36 (KHTML, like Gecko) Chrome/65.0.3325.181 Safari/537.36'
    'HTTP_HOST' => 'www.yii.com'
    'FCGI_ROLE' => 'RESPONDER'
    'PHP_SELF' => '/index.php'
    'REQUEST_TIME_FLOAT' => 1526170174.0452
    'REQUEST_TIME' => 1526170174
]
2018-05-13 00:09:43 [127.0.0.1][-][geangbrlkce6lcgd4hb9pe1uj5][error][yii\web\HttpException:404] yii\base\InvalidRouteException: Unable to resolve the request "auth/index". in D:\phpStudy\PHPTutorial\WWW\yii\basic\vendor\yiisoft\yii2\base\Module.php:537
Stack trace:
#0 D:\phpStudy\PHPTutorial\WWW\yii\basic\vendor\yiisoft\yii2\web\Application.php(103): yii\base\Module->runAction('auth/index', Array)
#1 D:\phpStudy\PHPTutorial\WWW\yii\basic\vendor\yiisoft\yii2\base\Application.php(386): yii\web\Application->handleRequest(Object(yii\web\Request))
#2 D:\phpStudy\PHPTutorial\WWW\yii\basic\web\index.php(12): yii\base\Application->run()
#3 {main}

Next yii\web\NotFoundHttpException: Page not found. in D:\phpStudy\PHPTutorial\WWW\yii\basic\vendor\yiisoft\yii2\web\Application.php:115
Stack trace:
#0 D:\phpStudy\PHPTutorial\WWW\yii\basic\vendor\yiisoft\yii2\base\Application.php(386): yii\web\Application->handleRequest(Object(yii\web\Request))
#1 D:\phpStudy\PHPTutorial\WWW\yii\basic\web\index.php(12): yii\base\Application->run()
#2 {main}
2018-05-13 00:09:43 [127.0.0.1][-][geangbrlkce6lcgd4hb9pe1uj5][info][application] $_GET = [
    'r' => 'auth/index'
]

$_POST = []

$_FILES = []

$_COOKIE = [
    'UM_distinctid' => '16352fcdde5297-089c2ba0041fa1-b34356b-13c680-16352fcdde66dc'
    'PHPSESSID' => 'geangbrlkce6lcgd4hb9pe1uj5'
    '_csrf' => '3f348816962d3b6502fb9887860e4e47b008f24556c858e8ba81f75c39d728e6a:2:{i:0;s:5:\"_csrf\";i:1;s:32:\"zAeuYfr22tlRSgFFx9djB9WWwIgsRX5p\";}'
]

$_SESSION = [
    '__flash' => []
]

$_SERVER = [
    'PATH' => 'C:\\Program Files (x86)\\Intel\\iCLS Client\\;C:\\Program Files\\Intel\\iCLS Client\\;C:\\Windows\\system32;C:\\Windows;C:\\Windows\\System32\\Wbem;C:\\Windows\\System32\\WindowsPowerShell\\v1.0\\;C:\\Program Files (x86)\\NVIDIA Corporation\\PhysX\\Common;C:\\Program Files (x86)\\Intel\\Intel(R) Management Engine Components\\DAL;C:\\Program Files\\Intel\\Intel(R) Management Engine Components\\DAL;C:\\Program Files (x86)\\Intel\\Intel(R) Management Engine Components\\IPT;C:\\Program Files\\Intel\\Intel(R) Management Engine Components\\IPT;D:\\Software\\Cmder;C:\\Redis;D:\\phpStudy\\PHPTutorial\\php\\php-7.0.12-nts;D:\\composer;C:\\WINDOWS\\system32;C:\\WINDOWS;C:\\WINDOWS\\System32\\Wbem;C:\\WINDOWS\\System32\\WindowsPowerShell\\v1.0\\;C:\\Users\\hyc\\AppData\\Local\\Microsoft\\WindowsApps;C:\\Users\\hyc\\AppData\\Roaming\\Composer\\vendor\\bin'
    'SYSTEMROOT' => 'C:\\WINDOWS'
    'COMSPEC' => 'C:\\WINDOWS\\system32\\cmd.exe'
    'PATHEXT' => '.COM;.EXE;.BAT;.CMD;.VBS;.VBE;.JS;.JSE;.WSF;.WSH;.MSC'
    'WINDIR' => 'C:\\WINDOWS'
    'PHP_FCGI_MAX_REQUESTS' => '1000'
    'PHPRC' => 'D:/phpStudy/PHPTutorial/php/php-7.0.12-nts/'
    '_FCGI_SHUTDOWN_EVENT_' => '2316'
    'HTTP_CONNECTION' => 'close'
    'SCRIPT_NAME' => '/index.php'
    'REQUEST_URI' => '/?r=auth/index'
    'QUERY_STRING' => 'r=auth/index'
    'REQUEST_METHOD' => 'GET'
    'SERVER_PROTOCOL' => 'HTTP/1.1'
    'GATEWAY_INTERFACE' => 'CGI/1.1'
    'REMOTE_PORT' => '51484'
    'SCRIPT_FILENAME' => 'D:/phpStudy/PHPTutorial/WWW/yii/basic/web/index.php'
    'SERVER_ADMIN' => 'admin@php.cn'
    'CONTEXT_DOCUMENT_ROOT' => 'D:/phpStudy/PHPTutorial/WWW/yii/basic/web'
    'CONTEXT_PREFIX' => ''
    'REQUEST_SCHEME' => 'http'
    'DOCUMENT_ROOT' => 'D:/phpStudy/PHPTutorial/WWW/yii/basic/web'
    'REMOTE_ADDR' => '127.0.0.1'
    'SERVER_PORT' => '80'
    'SERVER_ADDR' => '127.0.0.1'
    'SERVER_NAME' => 'www.yii.com'
    'SERVER_SOFTWARE' => 'Apache/2.4.23 (Win32) OpenSSL/1.0.2j mod_fcgid/2.3.9'
    'SERVER_SIGNATURE' => ''
    'SystemRoot' => 'C:\\WINDOWS'
    'HTTP_X_LANTERN_VERSION' => '4.5.7'
    'HTTP_UPGRADE_INSECURE_REQUESTS' => '1'
    'HTTP_PROXY_CONNECTION' => 'keep-alive'
    'HTTP_COOKIE' => 'UM_distinctid=16352fcdde5297-089c2ba0041fa1-b34356b-13c680-16352fcdde66dc; PHPSESSID=geangbrlkce6lcgd4hb9pe1uj5; _csrf=3f348816962d3b6502fb9887860e4e47b008f24556c858e8ba81f75c39d728e6a%3A2%3A%7Bi%3A0%3Bs%3A5%3A%22_csrf%22%3Bi%3A1%3Bs%3A32%3A%22zAeuYfr22tlRSgFFx9djB9WWwIgsRX5p%22%3B%7D'
    'HTTP_CACHE_CONTROL' => 'max-age=0'
    'HTTP_ACCEPT_LANGUAGE' => 'zh-CN,zh;q=0.9'
    'HTTP_ACCEPT_ENCODING' => 'gzip, deflate'
    'HTTP_ACCEPT' => 'text/html,application/xhtml+xml,application/xml;q=0.9,image/webp,image/apng,*/*;q=0.8'
    'HTTP_USER_AGENT' => 'Mozilla/5.0 (Windows NT 10.0; Win64; x64) AppleWebKit/537.36 (KHTML, like Gecko) Chrome/65.0.3325.181 Safari/537.36'
    'HTTP_HOST' => 'www.yii.com'
    'FCGI_ROLE' => 'RESPONDER'
    'PHP_SELF' => '/index.php'
    'REQUEST_TIME_FLOAT' => 1526170183.3699
    'REQUEST_TIME' => 1526170183
]
2018-05-13 00:09:44 [127.0.0.1][-][geangbrlkce6lcgd4hb9pe1uj5][error][yii\web\HttpException:404] yii\base\InvalidRouteException: Unable to resolve the request "auth/index". in D:\phpStudy\PHPTutorial\WWW\yii\basic\vendor\yiisoft\yii2\base\Module.php:537
Stack trace:
#0 D:\phpStudy\PHPTutorial\WWW\yii\basic\vendor\yiisoft\yii2\web\Application.php(103): yii\base\Module->runAction('auth/index', Array)
#1 D:\phpStudy\PHPTutorial\WWW\yii\basic\vendor\yiisoft\yii2\base\Application.php(386): yii\web\Application->handleRequest(Object(yii\web\Request))
#2 D:\phpStudy\PHPTutorial\WWW\yii\basic\web\index.php(12): yii\base\Application->run()
#3 {main}

Next yii\web\NotFoundHttpException: Page not found. in D:\phpStudy\PHPTutorial\WWW\yii\basic\vendor\yiisoft\yii2\web\Application.php:115
Stack trace:
#0 D:\phpStudy\PHPTutorial\WWW\yii\basic\vendor\yiisoft\yii2\base\Application.php(386): yii\web\Application->handleRequest(Object(yii\web\Request))
#1 D:\phpStudy\PHPTutorial\WWW\yii\basic\web\index.php(12): yii\base\Application->run()
#2 {main}
2018-05-13 00:09:44 [127.0.0.1][-][geangbrlkce6lcgd4hb9pe1uj5][info][application] $_GET = [
    'r' => 'auth/index'
]

$_POST = []

$_FILES = []

$_COOKIE = [
    'UM_distinctid' => '16352fcdde5297-089c2ba0041fa1-b34356b-13c680-16352fcdde66dc'
    'PHPSESSID' => 'geangbrlkce6lcgd4hb9pe1uj5'
    '_csrf' => '3f348816962d3b6502fb9887860e4e47b008f24556c858e8ba81f75c39d728e6a:2:{i:0;s:5:\"_csrf\";i:1;s:32:\"zAeuYfr22tlRSgFFx9djB9WWwIgsRX5p\";}'
]

$_SESSION = [
    '__flash' => []
]

$_SERVER = [
    'PATH' => 'C:\\Program Files (x86)\\Intel\\iCLS Client\\;C:\\Program Files\\Intel\\iCLS Client\\;C:\\Windows\\system32;C:\\Windows;C:\\Windows\\System32\\Wbem;C:\\Windows\\System32\\WindowsPowerShell\\v1.0\\;C:\\Program Files (x86)\\NVIDIA Corporation\\PhysX\\Common;C:\\Program Files (x86)\\Intel\\Intel(R) Management Engine Components\\DAL;C:\\Program Files\\Intel\\Intel(R) Management Engine Components\\DAL;C:\\Program Files (x86)\\Intel\\Intel(R) Management Engine Components\\IPT;C:\\Program Files\\Intel\\Intel(R) Management Engine Components\\IPT;D:\\Software\\Cmder;C:\\Redis;D:\\phpStudy\\PHPTutorial\\php\\php-7.0.12-nts;D:\\composer;C:\\WINDOWS\\system32;C:\\WINDOWS;C:\\WINDOWS\\System32\\Wbem;C:\\WINDOWS\\System32\\WindowsPowerShell\\v1.0\\;C:\\Users\\hyc\\AppData\\Local\\Microsoft\\WindowsApps;C:\\Users\\hyc\\AppData\\Roaming\\Composer\\vendor\\bin'
    'SYSTEMROOT' => 'C:\\WINDOWS'
    'COMSPEC' => 'C:\\WINDOWS\\system32\\cmd.exe'
    'PATHEXT' => '.COM;.EXE;.BAT;.CMD;.VBS;.VBE;.JS;.JSE;.WSF;.WSH;.MSC'
    'WINDIR' => 'C:\\WINDOWS'
    'PHP_FCGI_MAX_REQUESTS' => '1000'
    'PHPRC' => 'D:/phpStudy/PHPTutorial/php/php-7.0.12-nts/'
    '_FCGI_SHUTDOWN_EVENT_' => '2316'
    'HTTP_CONNECTION' => 'close'
    'SCRIPT_NAME' => '/index.php'
    'REQUEST_URI' => '/?r=auth/index'
    'QUERY_STRING' => 'r=auth/index'
    'REQUEST_METHOD' => 'GET'
    'SERVER_PROTOCOL' => 'HTTP/1.1'
    'GATEWAY_INTERFACE' => 'CGI/1.1'
    'REMOTE_PORT' => '51484'
    'SCRIPT_FILENAME' => 'D:/phpStudy/PHPTutorial/WWW/yii/basic/web/index.php'
    'SERVER_ADMIN' => 'admin@php.cn'
    'CONTEXT_DOCUMENT_ROOT' => 'D:/phpStudy/PHPTutorial/WWW/yii/basic/web'
    'CONTEXT_PREFIX' => ''
    'REQUEST_SCHEME' => 'http'
    'DOCUMENT_ROOT' => 'D:/phpStudy/PHPTutorial/WWW/yii/basic/web'
    'REMOTE_ADDR' => '127.0.0.1'
    'SERVER_PORT' => '80'
    'SERVER_ADDR' => '127.0.0.1'
    'SERVER_NAME' => 'www.yii.com'
    'SERVER_SOFTWARE' => 'Apache/2.4.23 (Win32) OpenSSL/1.0.2j mod_fcgid/2.3.9'
    'SERVER_SIGNATURE' => ''
    'SystemRoot' => 'C:\\WINDOWS'
    'HTTP_X_LANTERN_VERSION' => '4.5.7'
    'HTTP_UPGRADE_INSECURE_REQUESTS' => '1'
    'HTTP_PROXY_CONNECTION' => 'keep-alive'
    'HTTP_COOKIE' => 'UM_distinctid=16352fcdde5297-089c2ba0041fa1-b34356b-13c680-16352fcdde66dc; PHPSESSID=geangbrlkce6lcgd4hb9pe1uj5; _csrf=3f348816962d3b6502fb9887860e4e47b008f24556c858e8ba81f75c39d728e6a%3A2%3A%7Bi%3A0%3Bs%3A5%3A%22_csrf%22%3Bi%3A1%3Bs%3A32%3A%22zAeuYfr22tlRSgFFx9djB9WWwIgsRX5p%22%3B%7D'
    'HTTP_CACHE_CONTROL' => 'max-age=0'
    'HTTP_ACCEPT_LANGUAGE' => 'zh-CN,zh;q=0.9'
    'HTTP_ACCEPT_ENCODING' => 'gzip, deflate'
    'HTTP_ACCEPT' => 'text/html,application/xhtml+xml,application/xml;q=0.9,image/webp,image/apng,*/*;q=0.8'
    'HTTP_USER_AGENT' => 'Mozilla/5.0 (Windows NT 10.0; Win64; x64) AppleWebKit/537.36 (KHTML, like Gecko) Chrome/65.0.3325.181 Safari/537.36'
    'HTTP_HOST' => 'www.yii.com'
    'FCGI_ROLE' => 'RESPONDER'
    'PHP_SELF' => '/index.php'
    'REQUEST_TIME_FLOAT' => 1526170184.2205
    'REQUEST_TIME' => 1526170184
]
2018-05-13 00:09:44 [127.0.0.1][-][geangbrlkce6lcgd4hb9pe1uj5][error][yii\web\HttpException:404] yii\base\InvalidRouteException: Unable to resolve the request "auth/index". in D:\phpStudy\PHPTutorial\WWW\yii\basic\vendor\yiisoft\yii2\base\Module.php:537
Stack trace:
#0 D:\phpStudy\PHPTutorial\WWW\yii\basic\vendor\yiisoft\yii2\web\Application.php(103): yii\base\Module->runAction('auth/index', Array)
#1 D:\phpStudy\PHPTutorial\WWW\yii\basic\vendor\yiisoft\yii2\base\Application.php(386): yii\web\Application->handleRequest(Object(yii\web\Request))
#2 D:\phpStudy\PHPTutorial\WWW\yii\basic\web\index.php(12): yii\base\Application->run()
#3 {main}

Next yii\web\NotFoundHttpException: Page not found. in D:\phpStudy\PHPTutorial\WWW\yii\basic\vendor\yiisoft\yii2\web\Application.php:115
Stack trace:
#0 D:\phpStudy\PHPTutorial\WWW\yii\basic\vendor\yiisoft\yii2\base\Application.php(386): yii\web\Application->handleRequest(Object(yii\web\Request))
#1 D:\phpStudy\PHPTutorial\WWW\yii\basic\web\index.php(12): yii\base\Application->run()
#2 {main}
2018-05-13 00:09:44 [127.0.0.1][-][geangbrlkce6lcgd4hb9pe1uj5][info][application] $_GET = [
    'r' => 'auth/index'
]

$_POST = []

$_FILES = []

$_COOKIE = [
    'UM_distinctid' => '16352fcdde5297-089c2ba0041fa1-b34356b-13c680-16352fcdde66dc'
    'PHPSESSID' => 'geangbrlkce6lcgd4hb9pe1uj5'
    '_csrf' => '3f348816962d3b6502fb9887860e4e47b008f24556c858e8ba81f75c39d728e6a:2:{i:0;s:5:\"_csrf\";i:1;s:32:\"zAeuYfr22tlRSgFFx9djB9WWwIgsRX5p\";}'
]

$_SESSION = [
    '__flash' => []
]

$_SERVER = [
    'PATH' => 'C:\\Program Files (x86)\\Intel\\iCLS Client\\;C:\\Program Files\\Intel\\iCLS Client\\;C:\\Windows\\system32;C:\\Windows;C:\\Windows\\System32\\Wbem;C:\\Windows\\System32\\WindowsPowerShell\\v1.0\\;C:\\Program Files (x86)\\NVIDIA Corporation\\PhysX\\Common;C:\\Program Files (x86)\\Intel\\Intel(R) Management Engine Components\\DAL;C:\\Program Files\\Intel\\Intel(R) Management Engine Components\\DAL;C:\\Program Files (x86)\\Intel\\Intel(R) Management Engine Components\\IPT;C:\\Program Files\\Intel\\Intel(R) Management Engine Components\\IPT;D:\\Software\\Cmder;C:\\Redis;D:\\phpStudy\\PHPTutorial\\php\\php-7.0.12-nts;D:\\composer;C:\\WINDOWS\\system32;C:\\WINDOWS;C:\\WINDOWS\\System32\\Wbem;C:\\WINDOWS\\System32\\WindowsPowerShell\\v1.0\\;C:\\Users\\hyc\\AppData\\Local\\Microsoft\\WindowsApps;C:\\Users\\hyc\\AppData\\Roaming\\Composer\\vendor\\bin'
    'SYSTEMROOT' => 'C:\\WINDOWS'
    'COMSPEC' => 'C:\\WINDOWS\\system32\\cmd.exe'
    'PATHEXT' => '.COM;.EXE;.BAT;.CMD;.VBS;.VBE;.JS;.JSE;.WSF;.WSH;.MSC'
    'WINDIR' => 'C:\\WINDOWS'
    'PHP_FCGI_MAX_REQUESTS' => '1000'
    'PHPRC' => 'D:/phpStudy/PHPTutorial/php/php-7.0.12-nts/'
    '_FCGI_SHUTDOWN_EVENT_' => '2316'
    'HTTP_CONNECTION' => 'close'
    'SCRIPT_NAME' => '/index.php'
    'REQUEST_URI' => '/?r=auth/index'
    'QUERY_STRING' => 'r=auth/index'
    'REQUEST_METHOD' => 'GET'
    'SERVER_PROTOCOL' => 'HTTP/1.1'
    'GATEWAY_INTERFACE' => 'CGI/1.1'
    'REMOTE_PORT' => '51484'
    'SCRIPT_FILENAME' => 'D:/phpStudy/PHPTutorial/WWW/yii/basic/web/index.php'
    'SERVER_ADMIN' => 'admin@php.cn'
    'CONTEXT_DOCUMENT_ROOT' => 'D:/phpStudy/PHPTutorial/WWW/yii/basic/web'
    'CONTEXT_PREFIX' => ''
    'REQUEST_SCHEME' => 'http'
    'DOCUMENT_ROOT' => 'D:/phpStudy/PHPTutorial/WWW/yii/basic/web'
    'REMOTE_ADDR' => '127.0.0.1'
    'SERVER_PORT' => '80'
    'SERVER_ADDR' => '127.0.0.1'
    'SERVER_NAME' => 'www.yii.com'
    'SERVER_SOFTWARE' => 'Apache/2.4.23 (Win32) OpenSSL/1.0.2j mod_fcgid/2.3.9'
    'SERVER_SIGNATURE' => ''
    'SystemRoot' => 'C:\\WINDOWS'
    'HTTP_X_LANTERN_VERSION' => '4.5.7'
    'HTTP_UPGRADE_INSECURE_REQUESTS' => '1'
    'HTTP_PROXY_CONNECTION' => 'keep-alive'
    'HTTP_COOKIE' => 'UM_distinctid=16352fcdde5297-089c2ba0041fa1-b34356b-13c680-16352fcdde66dc; PHPSESSID=geangbrlkce6lcgd4hb9pe1uj5; _csrf=3f348816962d3b6502fb9887860e4e47b008f24556c858e8ba81f75c39d728e6a%3A2%3A%7Bi%3A0%3Bs%3A5%3A%22_csrf%22%3Bi%3A1%3Bs%3A32%3A%22zAeuYfr22tlRSgFFx9djB9WWwIgsRX5p%22%3B%7D'
    'HTTP_CACHE_CONTROL' => 'max-age=0'
    'HTTP_ACCEPT_LANGUAGE' => 'zh-CN,zh;q=0.9'
    'HTTP_ACCEPT_ENCODING' => 'gzip, deflate'
    'HTTP_ACCEPT' => 'text/html,application/xhtml+xml,application/xml;q=0.9,image/webp,image/apng,*/*;q=0.8'
    'HTTP_USER_AGENT' => 'Mozilla/5.0 (Windows NT 10.0; Win64; x64) AppleWebKit/537.36 (KHTML, like Gecko) Chrome/65.0.3325.181 Safari/537.36'
    'HTTP_HOST' => 'www.yii.com'
    'FCGI_ROLE' => 'RESPONDER'
    'PHP_SELF' => '/index.php'
    'REQUEST_TIME_FLOAT' => 1526170184.7527
    'REQUEST_TIME' => 1526170184
]
2018-05-13 00:09:45 [127.0.0.1][-][geangbrlkce6lcgd4hb9pe1uj5][error][yii\web\HttpException:404] yii\base\InvalidRouteException: Unable to resolve the request "auth/index". in D:\phpStudy\PHPTutorial\WWW\yii\basic\vendor\yiisoft\yii2\base\Module.php:537
Stack trace:
#0 D:\phpStudy\PHPTutorial\WWW\yii\basic\vendor\yiisoft\yii2\web\Application.php(103): yii\base\Module->runAction('auth/index', Array)
#1 D:\phpStudy\PHPTutorial\WWW\yii\basic\vendor\yiisoft\yii2\base\Application.php(386): yii\web\Application->handleRequest(Object(yii\web\Request))
#2 D:\phpStudy\PHPTutorial\WWW\yii\basic\web\index.php(12): yii\base\Application->run()
#3 {main}

Next yii\web\NotFoundHttpException: Page not found. in D:\phpStudy\PHPTutorial\WWW\yii\basic\vendor\yiisoft\yii2\web\Application.php:115
Stack trace:
#0 D:\phpStudy\PHPTutorial\WWW\yii\basic\vendor\yiisoft\yii2\base\Application.php(386): yii\web\Application->handleRequest(Object(yii\web\Request))
#1 D:\phpStudy\PHPTutorial\WWW\yii\basic\web\index.php(12): yii\base\Application->run()
#2 {main}
2018-05-13 00:09:45 [127.0.0.1][-][geangbrlkce6lcgd4hb9pe1uj5][info][application] $_GET = [
    'r' => 'auth/index'
]

$_POST = []

$_FILES = []

$_COOKIE = [
    'UM_distinctid' => '16352fcdde5297-089c2ba0041fa1-b34356b-13c680-16352fcdde66dc'
    'PHPSESSID' => 'geangbrlkce6lcgd4hb9pe1uj5'
    '_csrf' => '3f348816962d3b6502fb9887860e4e47b008f24556c858e8ba81f75c39d728e6a:2:{i:0;s:5:\"_csrf\";i:1;s:32:\"zAeuYfr22tlRSgFFx9djB9WWwIgsRX5p\";}'
]

$_SESSION = [
    '__flash' => []
]

$_SERVER = [
    'PATH' => 'C:\\Program Files (x86)\\Intel\\iCLS Client\\;C:\\Program Files\\Intel\\iCLS Client\\;C:\\Windows\\system32;C:\\Windows;C:\\Windows\\System32\\Wbem;C:\\Windows\\System32\\WindowsPowerShell\\v1.0\\;C:\\Program Files (x86)\\NVIDIA Corporation\\PhysX\\Common;C:\\Program Files (x86)\\Intel\\Intel(R) Management Engine Components\\DAL;C:\\Program Files\\Intel\\Intel(R) Management Engine Components\\DAL;C:\\Program Files (x86)\\Intel\\Intel(R) Management Engine Components\\IPT;C:\\Program Files\\Intel\\Intel(R) Management Engine Components\\IPT;D:\\Software\\Cmder;C:\\Redis;D:\\phpStudy\\PHPTutorial\\php\\php-7.0.12-nts;D:\\composer;C:\\WINDOWS\\system32;C:\\WINDOWS;C:\\WINDOWS\\System32\\Wbem;C:\\WINDOWS\\System32\\WindowsPowerShell\\v1.0\\;C:\\Users\\hyc\\AppData\\Local\\Microsoft\\WindowsApps;C:\\Users\\hyc\\AppData\\Roaming\\Composer\\vendor\\bin'
    'SYSTEMROOT' => 'C:\\WINDOWS'
    'COMSPEC' => 'C:\\WINDOWS\\system32\\cmd.exe'
    'PATHEXT' => '.COM;.EXE;.BAT;.CMD;.VBS;.VBE;.JS;.JSE;.WSF;.WSH;.MSC'
    'WINDIR' => 'C:\\WINDOWS'
    'PHP_FCGI_MAX_REQUESTS' => '1000'
    'PHPRC' => 'D:/phpStudy/PHPTutorial/php/php-7.0.12-nts/'
    '_FCGI_SHUTDOWN_EVENT_' => '2316'
    'HTTP_CONNECTION' => 'close'
    'SCRIPT_NAME' => '/index.php'
    'REQUEST_URI' => '/?r=auth/index'
    'QUERY_STRING' => 'r=auth/index'
    'REQUEST_METHOD' => 'GET'
    'SERVER_PROTOCOL' => 'HTTP/1.1'
    'GATEWAY_INTERFACE' => 'CGI/1.1'
    'REMOTE_PORT' => '51489'
    'SCRIPT_FILENAME' => 'D:/phpStudy/PHPTutorial/WWW/yii/basic/web/index.php'
    'SERVER_ADMIN' => 'admin@php.cn'
    'CONTEXT_DOCUMENT_ROOT' => 'D:/phpStudy/PHPTutorial/WWW/yii/basic/web'
    'CONTEXT_PREFIX' => ''
    'REQUEST_SCHEME' => 'http'
    'DOCUMENT_ROOT' => 'D:/phpStudy/PHPTutorial/WWW/yii/basic/web'
    'REMOTE_ADDR' => '127.0.0.1'
    'SERVER_PORT' => '80'
    'SERVER_ADDR' => '127.0.0.1'
    'SERVER_NAME' => 'www.yii.com'
    'SERVER_SOFTWARE' => 'Apache/2.4.23 (Win32) OpenSSL/1.0.2j mod_fcgid/2.3.9'
    'SERVER_SIGNATURE' => ''
    'SystemRoot' => 'C:\\WINDOWS'
    'HTTP_X_LANTERN_VERSION' => '4.5.7'
    'HTTP_UPGRADE_INSECURE_REQUESTS' => '1'
    'HTTP_PROXY_CONNECTION' => 'keep-alive'
    'HTTP_COOKIE' => 'UM_distinctid=16352fcdde5297-089c2ba0041fa1-b34356b-13c680-16352fcdde66dc; PHPSESSID=geangbrlkce6lcgd4hb9pe1uj5; _csrf=3f348816962d3b6502fb9887860e4e47b008f24556c858e8ba81f75c39d728e6a%3A2%3A%7Bi%3A0%3Bs%3A5%3A%22_csrf%22%3Bi%3A1%3Bs%3A32%3A%22zAeuYfr22tlRSgFFx9djB9WWwIgsRX5p%22%3B%7D'
    'HTTP_CACHE_CONTROL' => 'max-age=0'
    'HTTP_ACCEPT_LANGUAGE' => 'zh-CN,zh;q=0.9'
    'HTTP_ACCEPT_ENCODING' => 'gzip, deflate'
    'HTTP_ACCEPT' => 'text/html,application/xhtml+xml,application/xml;q=0.9,image/webp,image/apng,*/*;q=0.8'
    'HTTP_USER_AGENT' => 'Mozilla/5.0 (Windows NT 10.0; Win64; x64) AppleWebKit/537.36 (KHTML, like Gecko) Chrome/65.0.3325.181 Safari/537.36'
    'HTTP_HOST' => 'www.yii.com'
    'FCGI_ROLE' => 'RESPONDER'
    'PHP_SELF' => '/index.php'
    'REQUEST_TIME_FLOAT' => 1526170185.1478
    'REQUEST_TIME' => 1526170185
]
2018-05-13 00:09:45 [127.0.0.1][-][geangbrlkce6lcgd4hb9pe1uj5][error][yii\web\HttpException:404] yii\base\InvalidRouteException: Unable to resolve the request "auth/index". in D:\phpStudy\PHPTutorial\WWW\yii\basic\vendor\yiisoft\yii2\base\Module.php:537
Stack trace:
#0 D:\phpStudy\PHPTutorial\WWW\yii\basic\vendor\yiisoft\yii2\web\Application.php(103): yii\base\Module->runAction('auth/index', Array)
#1 D:\phpStudy\PHPTutorial\WWW\yii\basic\vendor\yiisoft\yii2\base\Application.php(386): yii\web\Application->handleRequest(Object(yii\web\Request))
#2 D:\phpStudy\PHPTutorial\WWW\yii\basic\web\index.php(12): yii\base\Application->run()
#3 {main}

Next yii\web\NotFoundHttpException: Page not found. in D:\phpStudy\PHPTutorial\WWW\yii\basic\vendor\yiisoft\yii2\web\Application.php:115
Stack trace:
#0 D:\phpStudy\PHPTutorial\WWW\yii\basic\vendor\yiisoft\yii2\base\Application.php(386): yii\web\Application->handleRequest(Object(yii\web\Request))
#1 D:\phpStudy\PHPTutorial\WWW\yii\basic\web\index.php(12): yii\base\Application->run()
#2 {main}
2018-05-13 00:09:45 [127.0.0.1][-][geangbrlkce6lcgd4hb9pe1uj5][info][application] $_GET = [
    'r' => 'auth/index'
]

$_POST = []

$_FILES = []

$_COOKIE = [
    'UM_distinctid' => '16352fcdde5297-089c2ba0041fa1-b34356b-13c680-16352fcdde66dc'
    'PHPSESSID' => 'geangbrlkce6lcgd4hb9pe1uj5'
    '_csrf' => '3f348816962d3b6502fb9887860e4e47b008f24556c858e8ba81f75c39d728e6a:2:{i:0;s:5:\"_csrf\";i:1;s:32:\"zAeuYfr22tlRSgFFx9djB9WWwIgsRX5p\";}'
]

$_SESSION = [
    '__flash' => []
]

$_SERVER = [
    'PATH' => 'C:\\Program Files (x86)\\Intel\\iCLS Client\\;C:\\Program Files\\Intel\\iCLS Client\\;C:\\Windows\\system32;C:\\Windows;C:\\Windows\\System32\\Wbem;C:\\Windows\\System32\\WindowsPowerShell\\v1.0\\;C:\\Program Files (x86)\\NVIDIA Corporation\\PhysX\\Common;C:\\Program Files (x86)\\Intel\\Intel(R) Management Engine Components\\DAL;C:\\Program Files\\Intel\\Intel(R) Management Engine Components\\DAL;C:\\Program Files (x86)\\Intel\\Intel(R) Management Engine Components\\IPT;C:\\Program Files\\Intel\\Intel(R) Management Engine Components\\IPT;D:\\Software\\Cmder;C:\\Redis;D:\\phpStudy\\PHPTutorial\\php\\php-7.0.12-nts;D:\\composer;C:\\WINDOWS\\system32;C:\\WINDOWS;C:\\WINDOWS\\System32\\Wbem;C:\\WINDOWS\\System32\\WindowsPowerShell\\v1.0\\;C:\\Users\\hyc\\AppData\\Local\\Microsoft\\WindowsApps;C:\\Users\\hyc\\AppData\\Roaming\\Composer\\vendor\\bin'
    'SYSTEMROOT' => 'C:\\WINDOWS'
    'COMSPEC' => 'C:\\WINDOWS\\system32\\cmd.exe'
    'PATHEXT' => '.COM;.EXE;.BAT;.CMD;.VBS;.VBE;.JS;.JSE;.WSF;.WSH;.MSC'
    'WINDIR' => 'C:\\WINDOWS'
    'PHP_FCGI_MAX_REQUESTS' => '1000'
    'PHPRC' => 'D:/phpStudy/PHPTutorial/php/php-7.0.12-nts/'
    '_FCGI_SHUTDOWN_EVENT_' => '2316'
    'HTTP_CONNECTION' => 'close'
    'SCRIPT_NAME' => '/index.php'
    'REQUEST_URI' => '/?r=auth/index'
    'QUERY_STRING' => 'r=auth/index'
    'REQUEST_METHOD' => 'GET'
    'SERVER_PROTOCOL' => 'HTTP/1.1'
    'GATEWAY_INTERFACE' => 'CGI/1.1'
    'REMOTE_PORT' => '51486'
    'SCRIPT_FILENAME' => 'D:/phpStudy/PHPTutorial/WWW/yii/basic/web/index.php'
    'SERVER_ADMIN' => 'admin@php.cn'
    'CONTEXT_DOCUMENT_ROOT' => 'D:/phpStudy/PHPTutorial/WWW/yii/basic/web'
    'CONTEXT_PREFIX' => ''
    'REQUEST_SCHEME' => 'http'
    'DOCUMENT_ROOT' => 'D:/phpStudy/PHPTutorial/WWW/yii/basic/web'
    'REMOTE_ADDR' => '127.0.0.1'
    'SERVER_PORT' => '80'
    'SERVER_ADDR' => '127.0.0.1'
    'SERVER_NAME' => 'www.yii.com'
    'SERVER_SOFTWARE' => 'Apache/2.4.23 (Win32) OpenSSL/1.0.2j mod_fcgid/2.3.9'
    'SERVER_SIGNATURE' => ''
    'SystemRoot' => 'C:\\WINDOWS'
    'HTTP_X_LANTERN_VERSION' => '4.5.7'
    'HTTP_UPGRADE_INSECURE_REQUESTS' => '1'
    'HTTP_PROXY_CONNECTION' => 'keep-alive'
    'HTTP_COOKIE' => 'UM_distinctid=16352fcdde5297-089c2ba0041fa1-b34356b-13c680-16352fcdde66dc; PHPSESSID=geangbrlkce6lcgd4hb9pe1uj5; _csrf=3f348816962d3b6502fb9887860e4e47b008f24556c858e8ba81f75c39d728e6a%3A2%3A%7Bi%3A0%3Bs%3A5%3A%22_csrf%22%3Bi%3A1%3Bs%3A32%3A%22zAeuYfr22tlRSgFFx9djB9WWwIgsRX5p%22%3B%7D'
    'HTTP_CACHE_CONTROL' => 'max-age=0'
    'HTTP_ACCEPT_LANGUAGE' => 'zh-CN,zh;q=0.9'
    'HTTP_ACCEPT_ENCODING' => 'gzip, deflate'
    'HTTP_ACCEPT' => 'text/html,application/xhtml+xml,application/xml;q=0.9,image/webp,image/apng,*/*;q=0.8'
    'HTTP_USER_AGENT' => 'Mozilla/5.0 (Windows NT 10.0; Win64; x64) AppleWebKit/537.36 (KHTML, like Gecko) Chrome/65.0.3325.181 Safari/537.36'
    'HTTP_HOST' => 'www.yii.com'
    'FCGI_ROLE' => 'RESPONDER'
    'PHP_SELF' => '/index.php'
    'REQUEST_TIME_FLOAT' => 1526170185.5164
    'REQUEST_TIME' => 1526170185
]
2018-05-13 00:09:45 [127.0.0.1][-][geangbrlkce6lcgd4hb9pe1uj5][error][yii\web\HttpException:404] yii\base\InvalidRouteException: Unable to resolve the request "auth/index". in D:\phpStudy\PHPTutorial\WWW\yii\basic\vendor\yiisoft\yii2\base\Module.php:537
Stack trace:
#0 D:\phpStudy\PHPTutorial\WWW\yii\basic\vendor\yiisoft\yii2\web\Application.php(103): yii\base\Module->runAction('auth/index', Array)
#1 D:\phpStudy\PHPTutorial\WWW\yii\basic\vendor\yiisoft\yii2\base\Application.php(386): yii\web\Application->handleRequest(Object(yii\web\Request))
#2 D:\phpStudy\PHPTutorial\WWW\yii\basic\web\index.php(12): yii\base\Application->run()
#3 {main}

Next yii\web\NotFoundHttpException: Page not found. in D:\phpStudy\PHPTutorial\WWW\yii\basic\vendor\yiisoft\yii2\web\Application.php:115
Stack trace:
#0 D:\phpStudy\PHPTutorial\WWW\yii\basic\vendor\yiisoft\yii2\base\Application.php(386): yii\web\Application->handleRequest(Object(yii\web\Request))
#1 D:\phpStudy\PHPTutorial\WWW\yii\basic\web\index.php(12): yii\base\Application->run()
#2 {main}
2018-05-13 00:09:45 [127.0.0.1][-][geangbrlkce6lcgd4hb9pe1uj5][info][application] $_GET = [
    'r' => 'auth/index'
]

$_POST = []

$_FILES = []

$_COOKIE = [
    'UM_distinctid' => '16352fcdde5297-089c2ba0041fa1-b34356b-13c680-16352fcdde66dc'
    'PHPSESSID' => 'geangbrlkce6lcgd4hb9pe1uj5'
    '_csrf' => '3f348816962d3b6502fb9887860e4e47b008f24556c858e8ba81f75c39d728e6a:2:{i:0;s:5:\"_csrf\";i:1;s:32:\"zAeuYfr22tlRSgFFx9djB9WWwIgsRX5p\";}'
]

$_SESSION = [
    '__flash' => []
]

$_SERVER = [
    'PATH' => 'C:\\Program Files (x86)\\Intel\\iCLS Client\\;C:\\Program Files\\Intel\\iCLS Client\\;C:\\Windows\\system32;C:\\Windows;C:\\Windows\\System32\\Wbem;C:\\Windows\\System32\\WindowsPowerShell\\v1.0\\;C:\\Program Files (x86)\\NVIDIA Corporation\\PhysX\\Common;C:\\Program Files (x86)\\Intel\\Intel(R) Management Engine Components\\DAL;C:\\Program Files\\Intel\\Intel(R) Management Engine Components\\DAL;C:\\Program Files (x86)\\Intel\\Intel(R) Management Engine Components\\IPT;C:\\Program Files\\Intel\\Intel(R) Management Engine Components\\IPT;D:\\Software\\Cmder;C:\\Redis;D:\\phpStudy\\PHPTutorial\\php\\php-7.0.12-nts;D:\\composer;C:\\WINDOWS\\system32;C:\\WINDOWS;C:\\WINDOWS\\System32\\Wbem;C:\\WINDOWS\\System32\\WindowsPowerShell\\v1.0\\;C:\\Users\\hyc\\AppData\\Local\\Microsoft\\WindowsApps;C:\\Users\\hyc\\AppData\\Roaming\\Composer\\vendor\\bin'
    'SYSTEMROOT' => 'C:\\WINDOWS'
    'COMSPEC' => 'C:\\WINDOWS\\system32\\cmd.exe'
    'PATHEXT' => '.COM;.EXE;.BAT;.CMD;.VBS;.VBE;.JS;.JSE;.WSF;.WSH;.MSC'
    'WINDIR' => 'C:\\WINDOWS'
    'PHP_FCGI_MAX_REQUESTS' => '1000'
    'PHPRC' => 'D:/phpStudy/PHPTutorial/php/php-7.0.12-nts/'
    '_FCGI_SHUTDOWN_EVENT_' => '2316'
    'HTTP_CONNECTION' => 'close'
    'SCRIPT_NAME' => '/index.php'
    'REQUEST_URI' => '/?r=auth/index'
    'QUERY_STRING' => 'r=auth/index'
    'REQUEST_METHOD' => 'GET'
    'SERVER_PROTOCOL' => 'HTTP/1.1'
    'GATEWAY_INTERFACE' => 'CGI/1.1'
    'REMOTE_PORT' => '51494'
    'SCRIPT_FILENAME' => 'D:/phpStudy/PHPTutorial/WWW/yii/basic/web/index.php'
    'SERVER_ADMIN' => 'admin@php.cn'
    'CONTEXT_DOCUMENT_ROOT' => 'D:/phpStudy/PHPTutorial/WWW/yii/basic/web'
    'CONTEXT_PREFIX' => ''
    'REQUEST_SCHEME' => 'http'
    'DOCUMENT_ROOT' => 'D:/phpStudy/PHPTutorial/WWW/yii/basic/web'
    'REMOTE_ADDR' => '127.0.0.1'
    'SERVER_PORT' => '80'
    'SERVER_ADDR' => '127.0.0.1'
    'SERVER_NAME' => 'www.yii.com'
    'SERVER_SOFTWARE' => 'Apache/2.4.23 (Win32) OpenSSL/1.0.2j mod_fcgid/2.3.9'
    'SERVER_SIGNATURE' => ''
    'SystemRoot' => 'C:\\WINDOWS'
    'HTTP_X_LANTERN_VERSION' => '4.5.7'
    'HTTP_UPGRADE_INSECURE_REQUESTS' => '1'
    'HTTP_PROXY_CONNECTION' => 'keep-alive'
    'HTTP_COOKIE' => 'UM_distinctid=16352fcdde5297-089c2ba0041fa1-b34356b-13c680-16352fcdde66dc; PHPSESSID=geangbrlkce6lcgd4hb9pe1uj5; _csrf=3f348816962d3b6502fb9887860e4e47b008f24556c858e8ba81f75c39d728e6a%3A2%3A%7Bi%3A0%3Bs%3A5%3A%22_csrf%22%3Bi%3A1%3Bs%3A32%3A%22zAeuYfr22tlRSgFFx9djB9WWwIgsRX5p%22%3B%7D'
    'HTTP_CACHE_CONTROL' => 'max-age=0'
    'HTTP_ACCEPT_LANGUAGE' => 'zh-CN,zh;q=0.9'
    'HTTP_ACCEPT_ENCODING' => 'gzip, deflate'
    'HTTP_ACCEPT' => 'text/html,application/xhtml+xml,application/xml;q=0.9,image/webp,image/apng,*/*;q=0.8'
    'HTTP_USER_AGENT' => 'Mozilla/5.0 (Windows NT 10.0; Win64; x64) AppleWebKit/537.36 (KHTML, like Gecko) Chrome/65.0.3325.181 Safari/537.36'
    'HTTP_HOST' => 'www.yii.com'
    'FCGI_ROLE' => 'RESPONDER'
    'PHP_SELF' => '/index.php'
    'REQUEST_TIME_FLOAT' => 1526170185.7587
    'REQUEST_TIME' => 1526170185
]
2018-05-13 00:09:46 [127.0.0.1][-][geangbrlkce6lcgd4hb9pe1uj5][error][yii\web\HttpException:404] yii\base\InvalidRouteException: Unable to resolve the request "auth/index". in D:\phpStudy\PHPTutorial\WWW\yii\basic\vendor\yiisoft\yii2\base\Module.php:537
Stack trace:
#0 D:\phpStudy\PHPTutorial\WWW\yii\basic\vendor\yiisoft\yii2\web\Application.php(103): yii\base\Module->runAction('auth/index', Array)
#1 D:\phpStudy\PHPTutorial\WWW\yii\basic\vendor\yiisoft\yii2\base\Application.php(386): yii\web\Application->handleRequest(Object(yii\web\Request))
#2 D:\phpStudy\PHPTutorial\WWW\yii\basic\web\index.php(12): yii\base\Application->run()
#3 {main}

Next yii\web\NotFoundHttpException: Page not found. in D:\phpStudy\PHPTutorial\WWW\yii\basic\vendor\yiisoft\yii2\web\Application.php:115
Stack trace:
#0 D:\phpStudy\PHPTutorial\WWW\yii\basic\vendor\yiisoft\yii2\base\Application.php(386): yii\web\Application->handleRequest(Object(yii\web\Request))
#1 D:\phpStudy\PHPTutorial\WWW\yii\basic\web\index.php(12): yii\base\Application->run()
#2 {main}
2018-05-13 00:09:46 [127.0.0.1][-][geangbrlkce6lcgd4hb9pe1uj5][info][application] $_GET = [
    'r' => 'auth/index'
]

$_POST = []

$_FILES = []

$_COOKIE = [
    'UM_distinctid' => '16352fcdde5297-089c2ba0041fa1-b34356b-13c680-16352fcdde66dc'
    'PHPSESSID' => 'geangbrlkce6lcgd4hb9pe1uj5'
    '_csrf' => '3f348816962d3b6502fb9887860e4e47b008f24556c858e8ba81f75c39d728e6a:2:{i:0;s:5:\"_csrf\";i:1;s:32:\"zAeuYfr22tlRSgFFx9djB9WWwIgsRX5p\";}'
]

$_SESSION = [
    '__flash' => []
]

$_SERVER = [
    'PATH' => 'C:\\Program Files (x86)\\Intel\\iCLS Client\\;C:\\Program Files\\Intel\\iCLS Client\\;C:\\Windows\\system32;C:\\Windows;C:\\Windows\\System32\\Wbem;C:\\Windows\\System32\\WindowsPowerShell\\v1.0\\;C:\\Program Files (x86)\\NVIDIA Corporation\\PhysX\\Common;C:\\Program Files (x86)\\Intel\\Intel(R) Management Engine Components\\DAL;C:\\Program Files\\Intel\\Intel(R) Management Engine Components\\DAL;C:\\Program Files (x86)\\Intel\\Intel(R) Management Engine Components\\IPT;C:\\Program Files\\Intel\\Intel(R) Management Engine Components\\IPT;D:\\Software\\Cmder;C:\\Redis;D:\\phpStudy\\PHPTutorial\\php\\php-7.0.12-nts;D:\\composer;C:\\WINDOWS\\system32;C:\\WINDOWS;C:\\WINDOWS\\System32\\Wbem;C:\\WINDOWS\\System32\\WindowsPowerShell\\v1.0\\;C:\\Users\\hyc\\AppData\\Local\\Microsoft\\WindowsApps;C:\\Users\\hyc\\AppData\\Roaming\\Composer\\vendor\\bin'
    'SYSTEMROOT' => 'C:\\WINDOWS'
    'COMSPEC' => 'C:\\WINDOWS\\system32\\cmd.exe'
    'PATHEXT' => '.COM;.EXE;.BAT;.CMD;.VBS;.VBE;.JS;.JSE;.WSF;.WSH;.MSC'
    'WINDIR' => 'C:\\WINDOWS'
    'PHP_FCGI_MAX_REQUESTS' => '1000'
    'PHPRC' => 'D:/phpStudy/PHPTutorial/php/php-7.0.12-nts/'
    '_FCGI_SHUTDOWN_EVENT_' => '2320'
    'HTTP_CONNECTION' => 'close'
    'SCRIPT_NAME' => '/index.php'
    'REQUEST_URI' => '/?r=auth/index'
    'QUERY_STRING' => 'r=auth/index'
    'REQUEST_METHOD' => 'GET'
    'SERVER_PROTOCOL' => 'HTTP/1.1'
    'GATEWAY_INTERFACE' => 'CGI/1.1'
    'REMOTE_PORT' => '51488'
    'SCRIPT_FILENAME' => 'D:/phpStudy/PHPTutorial/WWW/yii/basic/web/index.php'
    'SERVER_ADMIN' => 'admin@php.cn'
    'CONTEXT_DOCUMENT_ROOT' => 'D:/phpStudy/PHPTutorial/WWW/yii/basic/web'
    'CONTEXT_PREFIX' => ''
    'REQUEST_SCHEME' => 'http'
    'DOCUMENT_ROOT' => 'D:/phpStudy/PHPTutorial/WWW/yii/basic/web'
    'REMOTE_ADDR' => '127.0.0.1'
    'SERVER_PORT' => '80'
    'SERVER_ADDR' => '127.0.0.1'
    'SERVER_NAME' => 'www.yii.com'
    'SERVER_SOFTWARE' => 'Apache/2.4.23 (Win32) OpenSSL/1.0.2j mod_fcgid/2.3.9'
    'SERVER_SIGNATURE' => ''
    'SystemRoot' => 'C:\\WINDOWS'
    'HTTP_X_LANTERN_VERSION' => '4.5.7'
    'HTTP_UPGRADE_INSECURE_REQUESTS' => '1'
    'HTTP_PROXY_CONNECTION' => 'keep-alive'
    'HTTP_COOKIE' => 'UM_distinctid=16352fcdde5297-089c2ba0041fa1-b34356b-13c680-16352fcdde66dc; PHPSESSID=geangbrlkce6lcgd4hb9pe1uj5; _csrf=3f348816962d3b6502fb9887860e4e47b008f24556c858e8ba81f75c39d728e6a%3A2%3A%7Bi%3A0%3Bs%3A5%3A%22_csrf%22%3Bi%3A1%3Bs%3A32%3A%22zAeuYfr22tlRSgFFx9djB9WWwIgsRX5p%22%3B%7D'
    'HTTP_CACHE_CONTROL' => 'max-age=0'
    'HTTP_ACCEPT_LANGUAGE' => 'zh-CN,zh;q=0.9'
    'HTTP_ACCEPT_ENCODING' => 'gzip, deflate'
    'HTTP_ACCEPT' => 'text/html,application/xhtml+xml,application/xml;q=0.9,image/webp,image/apng,*/*;q=0.8'
    'HTTP_USER_AGENT' => 'Mozilla/5.0 (Windows NT 10.0; Win64; x64) AppleWebKit/537.36 (KHTML, like Gecko) Chrome/65.0.3325.181 Safari/537.36'
    'HTTP_HOST' => 'www.yii.com'
    'FCGI_ROLE' => 'RESPONDER'
    'PHP_SELF' => '/index.php'
    'REQUEST_TIME_FLOAT' => 1526170186.0818
    'REQUEST_TIME' => 1526170186
]
2018-05-13 00:09:46 [127.0.0.1][-][geangbrlkce6lcgd4hb9pe1uj5][error][yii\web\HttpException:404] yii\base\InvalidRouteException: Unable to resolve the request "auth/index". in D:\phpStudy\PHPTutorial\WWW\yii\basic\vendor\yiisoft\yii2\base\Module.php:537
Stack trace:
#0 D:\phpStudy\PHPTutorial\WWW\yii\basic\vendor\yiisoft\yii2\web\Application.php(103): yii\base\Module->runAction('auth/index', Array)
#1 D:\phpStudy\PHPTutorial\WWW\yii\basic\vendor\yiisoft\yii2\base\Application.php(386): yii\web\Application->handleRequest(Object(yii\web\Request))
#2 D:\phpStudy\PHPTutorial\WWW\yii\basic\web\index.php(12): yii\base\Application->run()
#3 {main}

Next yii\web\NotFoundHttpException: Page not found. in D:\phpStudy\PHPTutorial\WWW\yii\basic\vendor\yiisoft\yii2\web\Application.php:115
Stack trace:
#0 D:\phpStudy\PHPTutorial\WWW\yii\basic\vendor\yiisoft\yii2\base\Application.php(386): yii\web\Application->handleRequest(Object(yii\web\Request))
#1 D:\phpStudy\PHPTutorial\WWW\yii\basic\web\index.php(12): yii\base\Application->run()
#2 {main}
2018-05-13 00:09:46 [127.0.0.1][-][geangbrlkce6lcgd4hb9pe1uj5][info][application] $_GET = [
    'r' => 'auth/index'
]

$_POST = []

$_FILES = []

$_COOKIE = [
    'UM_distinctid' => '16352fcdde5297-089c2ba0041fa1-b34356b-13c680-16352fcdde66dc'
    'PHPSESSID' => 'geangbrlkce6lcgd4hb9pe1uj5'
    '_csrf' => '3f348816962d3b6502fb9887860e4e47b008f24556c858e8ba81f75c39d728e6a:2:{i:0;s:5:\"_csrf\";i:1;s:32:\"zAeuYfr22tlRSgFFx9djB9WWwIgsRX5p\";}'
]

$_SESSION = [
    '__flash' => []
]

$_SERVER = [
    'PATH' => 'C:\\Program Files (x86)\\Intel\\iCLS Client\\;C:\\Program Files\\Intel\\iCLS Client\\;C:\\Windows\\system32;C:\\Windows;C:\\Windows\\System32\\Wbem;C:\\Windows\\System32\\WindowsPowerShell\\v1.0\\;C:\\Program Files (x86)\\NVIDIA Corporation\\PhysX\\Common;C:\\Program Files (x86)\\Intel\\Intel(R) Management Engine Components\\DAL;C:\\Program Files\\Intel\\Intel(R) Management Engine Components\\DAL;C:\\Program Files (x86)\\Intel\\Intel(R) Management Engine Components\\IPT;C:\\Program Files\\Intel\\Intel(R) Management Engine Components\\IPT;D:\\Software\\Cmder;C:\\Redis;D:\\phpStudy\\PHPTutorial\\php\\php-7.0.12-nts;D:\\composer;C:\\WINDOWS\\system32;C:\\WINDOWS;C:\\WINDOWS\\System32\\Wbem;C:\\WINDOWS\\System32\\WindowsPowerShell\\v1.0\\;C:\\Users\\hyc\\AppData\\Local\\Microsoft\\WindowsApps;C:\\Users\\hyc\\AppData\\Roaming\\Composer\\vendor\\bin'
    'SYSTEMROOT' => 'C:\\WINDOWS'
    'COMSPEC' => 'C:\\WINDOWS\\system32\\cmd.exe'
    'PATHEXT' => '.COM;.EXE;.BAT;.CMD;.VBS;.VBE;.JS;.JSE;.WSF;.WSH;.MSC'
    'WINDIR' => 'C:\\WINDOWS'
    'PHP_FCGI_MAX_REQUESTS' => '1000'
    'PHPRC' => 'D:/phpStudy/PHPTutorial/php/php-7.0.12-nts/'
    '_FCGI_SHUTDOWN_EVENT_' => '2320'
    'HTTP_CONNECTION' => 'close'
    'SCRIPT_NAME' => '/index.php'
    'REQUEST_URI' => '/?r=auth/index'
    'QUERY_STRING' => 'r=auth/index'
    'REQUEST_METHOD' => 'GET'
    'SERVER_PROTOCOL' => 'HTTP/1.1'
    'GATEWAY_INTERFACE' => 'CGI/1.1'
    'REMOTE_PORT' => '51490'
    'SCRIPT_FILENAME' => 'D:/phpStudy/PHPTutorial/WWW/yii/basic/web/index.php'
    'SERVER_ADMIN' => 'admin@php.cn'
    'CONTEXT_DOCUMENT_ROOT' => 'D:/phpStudy/PHPTutorial/WWW/yii/basic/web'
    'CONTEXT_PREFIX' => ''
    'REQUEST_SCHEME' => 'http'
    'DOCUMENT_ROOT' => 'D:/phpStudy/PHPTutorial/WWW/yii/basic/web'
    'REMOTE_ADDR' => '127.0.0.1'
    'SERVER_PORT' => '80'
    'SERVER_ADDR' => '127.0.0.1'
    'SERVER_NAME' => 'www.yii.com'
    'SERVER_SOFTWARE' => 'Apache/2.4.23 (Win32) OpenSSL/1.0.2j mod_fcgid/2.3.9'
    'SERVER_SIGNATURE' => ''
    'SystemRoot' => 'C:\\WINDOWS'
    'HTTP_X_LANTERN_VERSION' => '4.5.7'
    'HTTP_UPGRADE_INSECURE_REQUESTS' => '1'
    'HTTP_PROXY_CONNECTION' => 'keep-alive'
    'HTTP_COOKIE' => 'UM_distinctid=16352fcdde5297-089c2ba0041fa1-b34356b-13c680-16352fcdde66dc; PHPSESSID=geangbrlkce6lcgd4hb9pe1uj5; _csrf=3f348816962d3b6502fb9887860e4e47b008f24556c858e8ba81f75c39d728e6a%3A2%3A%7Bi%3A0%3Bs%3A5%3A%22_csrf%22%3Bi%3A1%3Bs%3A32%3A%22zAeuYfr22tlRSgFFx9djB9WWwIgsRX5p%22%3B%7D'
    'HTTP_CACHE_CONTROL' => 'max-age=0'
    'HTTP_ACCEPT_LANGUAGE' => 'zh-CN,zh;q=0.9'
    'HTTP_ACCEPT_ENCODING' => 'gzip, deflate'
    'HTTP_ACCEPT' => 'text/html,application/xhtml+xml,application/xml;q=0.9,image/webp,image/apng,*/*;q=0.8'
    'HTTP_USER_AGENT' => 'Mozilla/5.0 (Windows NT 10.0; Win64; x64) AppleWebKit/537.36 (KHTML, like Gecko) Chrome/65.0.3325.181 Safari/537.36'
    'HTTP_HOST' => 'www.yii.com'
    'FCGI_ROLE' => 'RESPONDER'
    'PHP_SELF' => '/index.php'
    'REQUEST_TIME_FLOAT' => 1526170186.3482
    'REQUEST_TIME' => 1526170186
]
2018-05-13 00:09:46 [127.0.0.1][-][geangbrlkce6lcgd4hb9pe1uj5][error][yii\web\HttpException:404] yii\base\InvalidRouteException: Unable to resolve the request "auth/index". in D:\phpStudy\PHPTutorial\WWW\yii\basic\vendor\yiisoft\yii2\base\Module.php:537
Stack trace:
#0 D:\phpStudy\PHPTutorial\WWW\yii\basic\vendor\yiisoft\yii2\web\Application.php(103): yii\base\Module->runAction('auth/index', Array)
#1 D:\phpStudy\PHPTutorial\WWW\yii\basic\vendor\yiisoft\yii2\base\Application.php(386): yii\web\Application->handleRequest(Object(yii\web\Request))
#2 D:\phpStudy\PHPTutorial\WWW\yii\basic\web\index.php(12): yii\base\Application->run()
#3 {main}

Next yii\web\NotFoundHttpException: Page not found. in D:\phpStudy\PHPTutorial\WWW\yii\basic\vendor\yiisoft\yii2\web\Application.php:115
Stack trace:
#0 D:\phpStudy\PHPTutorial\WWW\yii\basic\vendor\yiisoft\yii2\base\Application.php(386): yii\web\Application->handleRequest(Object(yii\web\Request))
#1 D:\phpStudy\PHPTutorial\WWW\yii\basic\web\index.php(12): yii\base\Application->run()
#2 {main}
2018-05-13 00:09:46 [127.0.0.1][-][geangbrlkce6lcgd4hb9pe1uj5][info][application] $_GET = [
    'r' => 'auth/index'
]

$_POST = []

$_FILES = []

$_COOKIE = [
    'UM_distinctid' => '16352fcdde5297-089c2ba0041fa1-b34356b-13c680-16352fcdde66dc'
    'PHPSESSID' => 'geangbrlkce6lcgd4hb9pe1uj5'
    '_csrf' => '3f348816962d3b6502fb9887860e4e47b008f24556c858e8ba81f75c39d728e6a:2:{i:0;s:5:\"_csrf\";i:1;s:32:\"zAeuYfr22tlRSgFFx9djB9WWwIgsRX5p\";}'
]

$_SESSION = [
    '__flash' => []
]

$_SERVER = [
    'PATH' => 'C:\\Program Files (x86)\\Intel\\iCLS Client\\;C:\\Program Files\\Intel\\iCLS Client\\;C:\\Windows\\system32;C:\\Windows;C:\\Windows\\System32\\Wbem;C:\\Windows\\System32\\WindowsPowerShell\\v1.0\\;C:\\Program Files (x86)\\NVIDIA Corporation\\PhysX\\Common;C:\\Program Files (x86)\\Intel\\Intel(R) Management Engine Components\\DAL;C:\\Program Files\\Intel\\Intel(R) Management Engine Components\\DAL;C:\\Program Files (x86)\\Intel\\Intel(R) Management Engine Components\\IPT;C:\\Program Files\\Intel\\Intel(R) Management Engine Components\\IPT;D:\\Software\\Cmder;C:\\Redis;D:\\phpStudy\\PHPTutorial\\php\\php-7.0.12-nts;D:\\composer;C:\\WINDOWS\\system32;C:\\WINDOWS;C:\\WINDOWS\\System32\\Wbem;C:\\WINDOWS\\System32\\WindowsPowerShell\\v1.0\\;C:\\Users\\hyc\\AppData\\Local\\Microsoft\\WindowsApps;C:\\Users\\hyc\\AppData\\Roaming\\Composer\\vendor\\bin'
    'SYSTEMROOT' => 'C:\\WINDOWS'
    'COMSPEC' => 'C:\\WINDOWS\\system32\\cmd.exe'
    'PATHEXT' => '.COM;.EXE;.BAT;.CMD;.VBS;.VBE;.JS;.JSE;.WSF;.WSH;.MSC'
    'WINDIR' => 'C:\\WINDOWS'
    'PHP_FCGI_MAX_REQUESTS' => '1000'
    'PHPRC' => 'D:/phpStudy/PHPTutorial/php/php-7.0.12-nts/'
    '_FCGI_SHUTDOWN_EVENT_' => '2316'
    'HTTP_CONNECTION' => 'close'
    'SCRIPT_NAME' => '/index.php'
    'REQUEST_URI' => '/?r=auth/index'
    'QUERY_STRING' => 'r=auth/index'
    'REQUEST_METHOD' => 'GET'
    'SERVER_PROTOCOL' => 'HTTP/1.1'
    'GATEWAY_INTERFACE' => 'CGI/1.1'
    'REMOTE_PORT' => '51492'
    'SCRIPT_FILENAME' => 'D:/phpStudy/PHPTutorial/WWW/yii/basic/web/index.php'
    'SERVER_ADMIN' => 'admin@php.cn'
    'CONTEXT_DOCUMENT_ROOT' => 'D:/phpStudy/PHPTutorial/WWW/yii/basic/web'
    'CONTEXT_PREFIX' => ''
    'REQUEST_SCHEME' => 'http'
    'DOCUMENT_ROOT' => 'D:/phpStudy/PHPTutorial/WWW/yii/basic/web'
    'REMOTE_ADDR' => '127.0.0.1'
    'SERVER_PORT' => '80'
    'SERVER_ADDR' => '127.0.0.1'
    'SERVER_NAME' => 'www.yii.com'
    'SERVER_SOFTWARE' => 'Apache/2.4.23 (Win32) OpenSSL/1.0.2j mod_fcgid/2.3.9'
    'SERVER_SIGNATURE' => ''
    'SystemRoot' => 'C:\\WINDOWS'
    'HTTP_X_LANTERN_VERSION' => '4.5.7'
    'HTTP_UPGRADE_INSECURE_REQUESTS' => '1'
    'HTTP_PROXY_CONNECTION' => 'keep-alive'
    'HTTP_COOKIE' => 'UM_distinctid=16352fcdde5297-089c2ba0041fa1-b34356b-13c680-16352fcdde66dc; PHPSESSID=geangbrlkce6lcgd4hb9pe1uj5; _csrf=3f348816962d3b6502fb9887860e4e47b008f24556c858e8ba81f75c39d728e6a%3A2%3A%7Bi%3A0%3Bs%3A5%3A%22_csrf%22%3Bi%3A1%3Bs%3A32%3A%22zAeuYfr22tlRSgFFx9djB9WWwIgsRX5p%22%3B%7D'
    'HTTP_CACHE_CONTROL' => 'max-age=0'
    'HTTP_ACCEPT_LANGUAGE' => 'zh-CN,zh;q=0.9'
    'HTTP_ACCEPT_ENCODING' => 'gzip, deflate'
    'HTTP_ACCEPT' => 'text/html,application/xhtml+xml,application/xml;q=0.9,image/webp,image/apng,*/*;q=0.8'
    'HTTP_USER_AGENT' => 'Mozilla/5.0 (Windows NT 10.0; Win64; x64) AppleWebKit/537.36 (KHTML, like Gecko) Chrome/65.0.3325.181 Safari/537.36'
    'HTTP_HOST' => 'www.yii.com'
    'FCGI_ROLE' => 'RESPONDER'
    'PHP_SELF' => '/index.php'
    'REQUEST_TIME_FLOAT' => 1526170186.5425
    'REQUEST_TIME' => 1526170186
]
2018-05-13 01:08:43 [127.0.0.1][-][geangbrlkce6lcgd4hb9pe1uj5][error][yii\web\HttpException:404] yii\base\InvalidRouteException: Unable to resolve the request "admin/admin". in D:\phpStudy\PHPTutorial\WWW\yii\basic\vendor\yiisoft\yii2\base\Module.php:537
Stack trace:
#0 D:\phpStudy\PHPTutorial\WWW\yii\basic\vendor\yiisoft\yii2\web\Application.php(103): yii\base\Module->runAction('admin/admin', Array)
#1 D:\phpStudy\PHPTutorial\WWW\yii\basic\vendor\yiisoft\yii2\base\Application.php(386): yii\web\Application->handleRequest(Object(yii\web\Request))
#2 D:\phpStudy\PHPTutorial\WWW\yii\basic\web\index.php(12): yii\base\Application->run()
#3 {main}

Next yii\web\NotFoundHttpException: Page not found. in D:\phpStudy\PHPTutorial\WWW\yii\basic\vendor\yiisoft\yii2\web\Application.php:115
Stack trace:
#0 D:\phpStudy\PHPTutorial\WWW\yii\basic\vendor\yiisoft\yii2\base\Application.php(386): yii\web\Application->handleRequest(Object(yii\web\Request))
#1 D:\phpStudy\PHPTutorial\WWW\yii\basic\web\index.php(12): yii\base\Application->run()
#2 {main}
2018-05-13 01:08:43 [127.0.0.1][-][geangbrlkce6lcgd4hb9pe1uj5][info][application] $_GET = [
    'r' => 'admin/admin'
]

$_POST = []

$_FILES = []

$_COOKIE = [
    'UM_distinctid' => '16352fcdde5297-089c2ba0041fa1-b34356b-13c680-16352fcdde66dc'
    'PHPSESSID' => 'geangbrlkce6lcgd4hb9pe1uj5'
    '_csrf' => '3f348816962d3b6502fb9887860e4e47b008f24556c858e8ba81f75c39d728e6a:2:{i:0;s:5:\"_csrf\";i:1;s:32:\"zAeuYfr22tlRSgFFx9djB9WWwIgsRX5p\";}'
]

$_SESSION = [
    '__flash' => []
    '__captcha/site/captcha' => 'poqntnr'
    '__captcha/site/captchacount' => 1
]

$_SERVER = [
    'PATH' => 'C:\\Program Files (x86)\\Intel\\iCLS Client\\;C:\\Program Files\\Intel\\iCLS Client\\;C:\\Windows\\system32;C:\\Windows;C:\\Windows\\System32\\Wbem;C:\\Windows\\System32\\WindowsPowerShell\\v1.0\\;C:\\Program Files (x86)\\NVIDIA Corporation\\PhysX\\Common;C:\\Program Files (x86)\\Intel\\Intel(R) Management Engine Components\\DAL;C:\\Program Files\\Intel\\Intel(R) Management Engine Components\\DAL;C:\\Program Files (x86)\\Intel\\Intel(R) Management Engine Components\\IPT;C:\\Program Files\\Intel\\Intel(R) Management Engine Components\\IPT;D:\\Software\\Cmder;C:\\Redis;D:\\phpStudy\\PHPTutorial\\php\\php-7.0.12-nts;D:\\composer;C:\\WINDOWS\\system32;C:\\WINDOWS;C:\\WINDOWS\\System32\\Wbem;C:\\WINDOWS\\System32\\WindowsPowerShell\\v1.0\\;C:\\Users\\hyc\\AppData\\Local\\Microsoft\\WindowsApps;C:\\Users\\hyc\\AppData\\Roaming\\Composer\\vendor\\bin'
    'SYSTEMROOT' => 'C:\\WINDOWS'
    'COMSPEC' => 'C:\\WINDOWS\\system32\\cmd.exe'
    'PATHEXT' => '.COM;.EXE;.BAT;.CMD;.VBS;.VBE;.JS;.JSE;.WSF;.WSH;.MSC'
    'WINDIR' => 'C:\\WINDOWS'
    'PHP_FCGI_MAX_REQUESTS' => '1000'
    'PHPRC' => 'D:/phpStudy/PHPTutorial/php/php-7.0.12-nts/'
    '_FCGI_SHUTDOWN_EVENT_' => '2204'
    'SCRIPT_NAME' => '/index.php'
    'REQUEST_URI' => '/index.php?r=admin/admin'
    'QUERY_STRING' => 'r=admin/admin'
    'REQUEST_METHOD' => 'GET'
    'SERVER_PROTOCOL' => 'HTTP/1.1'
    'GATEWAY_INTERFACE' => 'CGI/1.1'
    'REMOTE_PORT' => '59963'
    'SCRIPT_FILENAME' => 'D:/phpStudy/PHPTutorial/WWW/yii/basic/web/index.php'
    'SERVER_ADMIN' => 'admin@php.cn'
    'CONTEXT_DOCUMENT_ROOT' => 'D:/phpStudy/PHPTutorial/WWW/yii/basic/web'
    'CONTEXT_PREFIX' => ''
    'REQUEST_SCHEME' => 'http'
    'DOCUMENT_ROOT' => 'D:/phpStudy/PHPTutorial/WWW/yii/basic/web'
    'REMOTE_ADDR' => '127.0.0.1'
    'SERVER_PORT' => '80'
    'SERVER_ADDR' => '127.0.0.1'
    'SERVER_NAME' => 'www.yii.com'
    'SERVER_SOFTWARE' => 'Apache/2.4.23 (Win32) OpenSSL/1.0.2j mod_fcgid/2.3.9'
    'SERVER_SIGNATURE' => ''
    'SystemRoot' => 'C:\\WINDOWS'
    'HTTP_COOKIE' => 'UM_distinctid=16352fcdde5297-089c2ba0041fa1-b34356b-13c680-16352fcdde66dc; PHPSESSID=geangbrlkce6lcgd4hb9pe1uj5; _csrf=3f348816962d3b6502fb9887860e4e47b008f24556c858e8ba81f75c39d728e6a%3A2%3A%7Bi%3A0%3Bs%3A5%3A%22_csrf%22%3Bi%3A1%3Bs%3A32%3A%22zAeuYfr22tlRSgFFx9djB9WWwIgsRX5p%22%3B%7D'
    'HTTP_ACCEPT_LANGUAGE' => 'zh-CN,zh;q=0.9'
    'HTTP_ACCEPT_ENCODING' => 'gzip, deflate'
    'HTTP_ACCEPT' => 'text/html,application/xhtml+xml,application/xml;q=0.9,image/webp,image/apng,*/*;q=0.8'
    'HTTP_USER_AGENT' => 'Mozilla/5.0 (Windows NT 10.0; Win64; x64) AppleWebKit/537.36 (KHTML, like Gecko) Chrome/65.0.3325.181 Safari/537.36'
    'HTTP_UPGRADE_INSECURE_REQUESTS' => '1'
    'HTTP_CONNECTION' => 'close'
    'HTTP_HOST' => 'www.yii.com'
    'FCGI_ROLE' => 'RESPONDER'
    'PHP_SELF' => '/index.php'
    'REQUEST_TIME_FLOAT' => 1526173723.1196
    'REQUEST_TIME' => 1526173723
]
2018-05-13 01:09:48 [127.0.0.1][-][geangbrlkce6lcgd4hb9pe1uj5][error][yii\web\HttpException:404] yii\base\InvalidRouteException: Unable to resolve the request "demo/demo". in D:\phpStudy\PHPTutorial\WWW\yii\basic\vendor\yiisoft\yii2\base\Module.php:537
Stack trace:
#0 D:\phpStudy\PHPTutorial\WWW\yii\basic\vendor\yiisoft\yii2\web\Application.php(103): yii\base\Module->runAction('demo/demo', Array)
#1 D:\phpStudy\PHPTutorial\WWW\yii\basic\vendor\yiisoft\yii2\base\Application.php(386): yii\web\Application->handleRequest(Object(yii\web\Request))
#2 D:\phpStudy\PHPTutorial\WWW\yii\basic\web\index.php(12): yii\base\Application->run()
#3 {main}

Next yii\web\NotFoundHttpException: Page not found. in D:\phpStudy\PHPTutorial\WWW\yii\basic\vendor\yiisoft\yii2\web\Application.php:115
Stack trace:
#0 D:\phpStudy\PHPTutorial\WWW\yii\basic\vendor\yiisoft\yii2\base\Application.php(386): yii\web\Application->handleRequest(Object(yii\web\Request))
#1 D:\phpStudy\PHPTutorial\WWW\yii\basic\web\index.php(12): yii\base\Application->run()
#2 {main}
2018-05-13 01:09:47 [127.0.0.1][-][geangbrlkce6lcgd4hb9pe1uj5][info][application] $_GET = [
    'r' => 'demo/demo'
]

$_POST = []

$_FILES = []

$_COOKIE = [
    'UM_distinctid' => '16352fcdde5297-089c2ba0041fa1-b34356b-13c680-16352fcdde66dc'
    'PHPSESSID' => 'geangbrlkce6lcgd4hb9pe1uj5'
    '_csrf' => '3f348816962d3b6502fb9887860e4e47b008f24556c858e8ba81f75c39d728e6a:2:{i:0;s:5:\"_csrf\";i:1;s:32:\"zAeuYfr22tlRSgFFx9djB9WWwIgsRX5p\";}'
]

$_SESSION = [
    '__flash' => []
    '__captcha/site/captcha' => 'poqntnr'
    '__captcha/site/captchacount' => 1
]

$_SERVER = [
    'PATH' => 'C:\\Program Files (x86)\\Intel\\iCLS Client\\;C:\\Program Files\\Intel\\iCLS Client\\;C:\\Windows\\system32;C:\\Windows;C:\\Windows\\System32\\Wbem;C:\\Windows\\System32\\WindowsPowerShell\\v1.0\\;C:\\Program Files (x86)\\NVIDIA Corporation\\PhysX\\Common;C:\\Program Files (x86)\\Intel\\Intel(R) Management Engine Components\\DAL;C:\\Program Files\\Intel\\Intel(R) Management Engine Components\\DAL;C:\\Program Files (x86)\\Intel\\Intel(R) Management Engine Components\\IPT;C:\\Program Files\\Intel\\Intel(R) Management Engine Components\\IPT;D:\\Software\\Cmder;C:\\Redis;D:\\phpStudy\\PHPTutorial\\php\\php-7.0.12-nts;D:\\composer;C:\\WINDOWS\\system32;C:\\WINDOWS;C:\\WINDOWS\\System32\\Wbem;C:\\WINDOWS\\System32\\WindowsPowerShell\\v1.0\\;C:\\Users\\hyc\\AppData\\Local\\Microsoft\\WindowsApps;C:\\Users\\hyc\\AppData\\Roaming\\Composer\\vendor\\bin'
    'SYSTEMROOT' => 'C:\\WINDOWS'
    'COMSPEC' => 'C:\\WINDOWS\\system32\\cmd.exe'
    'PATHEXT' => '.COM;.EXE;.BAT;.CMD;.VBS;.VBE;.JS;.JSE;.WSF;.WSH;.MSC'
    'WINDIR' => 'C:\\WINDOWS'
    'PHP_FCGI_MAX_REQUESTS' => '1000'
    'PHPRC' => 'D:/phpStudy/PHPTutorial/php/php-7.0.12-nts/'
    '_FCGI_SHUTDOWN_EVENT_' => '2204'
    'SCRIPT_NAME' => '/index.php'
    'REQUEST_URI' => '/index.php?r=demo/demo'
    'QUERY_STRING' => 'r=demo/demo'
    'REQUEST_METHOD' => 'GET'
    'SERVER_PROTOCOL' => 'HTTP/1.1'
    'GATEWAY_INTERFACE' => 'CGI/1.1'
    'REMOTE_PORT' => '60079'
    'SCRIPT_FILENAME' => 'D:/phpStudy/PHPTutorial/WWW/yii/basic/web/index.php'
    'SERVER_ADMIN' => 'admin@php.cn'
    'CONTEXT_DOCUMENT_ROOT' => 'D:/phpStudy/PHPTutorial/WWW/yii/basic/web'
    'CONTEXT_PREFIX' => ''
    'REQUEST_SCHEME' => 'http'
    'DOCUMENT_ROOT' => 'D:/phpStudy/PHPTutorial/WWW/yii/basic/web'
    'REMOTE_ADDR' => '127.0.0.1'
    'SERVER_PORT' => '80'
    'SERVER_ADDR' => '127.0.0.1'
    'SERVER_NAME' => 'www.yii.com'
    'SERVER_SOFTWARE' => 'Apache/2.4.23 (Win32) OpenSSL/1.0.2j mod_fcgid/2.3.9'
    'SERVER_SIGNATURE' => ''
    'SystemRoot' => 'C:\\WINDOWS'
    'HTTP_COOKIE' => 'UM_distinctid=16352fcdde5297-089c2ba0041fa1-b34356b-13c680-16352fcdde66dc; PHPSESSID=geangbrlkce6lcgd4hb9pe1uj5; _csrf=3f348816962d3b6502fb9887860e4e47b008f24556c858e8ba81f75c39d728e6a%3A2%3A%7Bi%3A0%3Bs%3A5%3A%22_csrf%22%3Bi%3A1%3Bs%3A32%3A%22zAeuYfr22tlRSgFFx9djB9WWwIgsRX5p%22%3B%7D'
    'HTTP_ACCEPT_LANGUAGE' => 'zh-CN,zh;q=0.9'
    'HTTP_ACCEPT_ENCODING' => 'gzip, deflate'
    'HTTP_ACCEPT' => 'text/html,application/xhtml+xml,application/xml;q=0.9,image/webp,image/apng,*/*;q=0.8'
    'HTTP_USER_AGENT' => 'Mozilla/5.0 (Windows NT 10.0; Win64; x64) AppleWebKit/537.36 (KHTML, like Gecko) Chrome/65.0.3325.181 Safari/537.36'
    'HTTP_UPGRADE_INSECURE_REQUESTS' => '1'
    'HTTP_CONNECTION' => 'close'
    'HTTP_HOST' => 'www.yii.com'
    'FCGI_ROLE' => 'RESPONDER'
    'PHP_SELF' => '/index.php'
    'REQUEST_TIME_FLOAT' => 1526173787.9016
    'REQUEST_TIME' => 1526173787
]
